This file contains any messages produced by compilers while
running configure, to aid debugging if configure makes a mistake.

It was created by configure_mod, which was
generated by GNU Autoconf 2.68.  Invocation command line was

  $ ./configure_mod 

## --------- ##
## Platform. ##
## --------- ##

hostname = zitouni-OptiPlex-990
uname -m = x86_64
uname -r = 3.2.0-29-generic
uname -s = Linux
uname -v = #46-Ubuntu SMP Fri Jul 27 17:03:23 UTC 2012

/usr/bin/uname -p = unknown
/bin/uname -X     = unknown

/bin/arch              = unknown
/usr/bin/arch -k       = unknown
/usr/convex/getsysinfo = unknown
/usr/bin/hostinfo      = unknown
/bin/machine           = unknown
/usr/bin/oslevel       = unknown
/bin/universe          = unknown

PATH: /home/zitouni/.local/bin
PATH: /usr/lib/lightdm/lightdm
PATH: /usr/local/sbin
PATH: /usr/local/bin
PATH: /usr/sbin
PATH: /usr/bin
PATH: /sbin
PATH: /bin
PATH: /usr/games
PATH: /usr/lib/eclipse


## ----------- ##
## Core tests. ##
## ----------- ##

configure_mod:2575: checking build system type
configure_mod:2589: result: x86_64-unknown-linux-gnu
configure_mod:2609: checking host system type
configure_mod:2622: result: x86_64-unknown-linux-gnu
configure_mod:2642: checking target system type
configure_mod:2655: result: x86_64-unknown-linux-gnu
configure_mod:2697: checking for a BSD-compatible install
configure_mod:2765: result: /usr/bin/install -c
configure_mod:2776: checking whether build environment is sane
configure_mod:2826: result: yes
configure_mod:2967: checking for a thread-safe mkdir -p
configure_mod:3006: result: /bin/mkdir -p
configure_mod:3019: checking for gawk
configure_mod:3035: found /usr/bin/gawk
configure_mod:3046: result: gawk
configure_mod:3057: checking whether make sets $(MAKE)
configure_mod:3079: result: yes
configure_mod:3163: checking libdir for lib64 suffix
configure_mod:3168: result: no. Setting libdir to ${exec_prefix}/lib64
configure_mod:3188: checking for style of include used by make
configure_mod:3216: result: GNU
configure_mod:3297: checking for g++
configure_mod:3313: found /usr/bin/g++
configure_mod:3324: result: g++
configure_mod:3351: checking for C++ compiler version
configure_mod:3360: g++ --version >&5
g++ (Ubuntu/Linaro 4.6.3-1ubuntu5) 4.6.3
Copyright (C) 2011 Free Software Foundation, Inc.
This is free software; see the source for copying conditions.  There is NO
warranty; not even for MERCHANTABILITY or FITNESS FOR A PARTICULAR PURPOSE.

configure_mod:3371: $? = 0
configure_mod:3360: g++ -v >&5
Using built-in specs.
COLLECT_GCC=g++
COLLECT_LTO_WRAPPER=/usr/lib/gcc/x86_64-linux-gnu/4.6/lto-wrapper
Target: x86_64-linux-gnu
Configured with: ../src/configure -v --with-pkgversion='Ubuntu/Linaro 4.6.3-1ubuntu5' --with-bugurl=file:///usr/share/doc/gcc-4.6/README.Bugs --enable-languages=c,c++,fortran,objc,obj-c++ --prefix=/usr --program-suffix=-4.6 --enable-shared --enable-linker-build-id --with-system-zlib --libexecdir=/usr/lib --without-included-gettext --enable-threads=posix --with-gxx-include-dir=/usr/include/c++/4.6 --libdir=/usr/lib --enable-nls --with-sysroot=/ --enable-clocale=gnu --enable-libstdcxx-debug --enable-libstdcxx-time=yes --enable-gnu-unique-object --enable-plugin --enable-objc-gc --disable-werror --with-arch-32=i686 --with-tune=generic --enable-checking=release --build=x86_64-linux-gnu --host=x86_64-linux-gnu --target=x86_64-linux-gnu
Thread model: posix
gcc version 4.6.3 (Ubuntu/Linaro 4.6.3-1ubuntu5) 
configure_mod:3371: $? = 0
configure_mod:3360: g++ -V >&5
g++: error: unrecognized option '-V'
g++: fatal error: no input files
compilation terminated.
configure_mod:3371: $? = 4
configure_mod:3360: g++ -qversion >&5
g++: error: unrecognized option '-qversion'
g++: fatal error: no input files
compilation terminated.
configure_mod:3371: $? = 4
configure_mod:3391: checking whether the C++ compiler works
configure_mod:3413: g++    conftest.cpp  >&5
configure_mod:3417: $? = 0
configure_mod:3465: result: yes
configure_mod:3468: checking for C++ compiler default output file name
configure_mod:3470: result: a.out
configure_mod:3476: checking for suffix of executables
configure_mod:3483: g++ -o conftest    conftest.cpp  >&5
configure_mod:3487: $? = 0
configure_mod:3509: result: 
configure_mod:3531: checking whether we are cross compiling
configure_mod:3539: g++ -o conftest    conftest.cpp  >&5
configure_mod:3543: $? = 0
configure_mod:3550: ./conftest
configure_mod:3554: $? = 0
configure_mod:3569: result: no
configure_mod:3574: checking for suffix of object files
configure_mod:3596: g++ -c   conftest.cpp >&5
configure_mod:3600: $? = 0
configure_mod:3621: result: o
configure_mod:3625: checking whether we are using the GNU C++ compiler
configure_mod:3644: g++ -c   conftest.cpp >&5
configure_mod:3644: $? = 0
configure_mod:3653: result: yes
configure_mod:3662: checking whether g++ accepts -g
configure_mod:3682: g++ -c -g  conftest.cpp >&5
configure_mod:3682: $? = 0
configure_mod:3723: result: yes
configure_mod:3748: checking dependency style of g++
configure_mod:3859: result: gcc3
configure_mod:3879: checking how to run the C++ preprocessor
configure_mod:3906: g++ -E  conftest.cpp
configure_mod:3906: $? = 0
configure_mod:3920: g++ -E  conftest.cpp
conftest.cpp:11:28: fatal error: ac_nonexistent.h: No such file or directory
compilation terminated.
configure_mod:3920: $? = 1
configure_mod: failed program was:
| /* confdefs.h */
| #define PACKAGE_NAME ""
| #define PACKAGE_TARNAME ""
| #define PACKAGE_VERSION ""
| #define PACKAGE_STRING ""
| #define PACKAGE_BUGREPORT ""
| #define PACKAGE_URL ""
| #define PACKAGE "gr-ucla"
| #define VERSION "0.0svn"
| /* end confdefs.h.  */
| #include <ac_nonexistent.h>
configure_mod:3945: result: g++ -E
configure_mod:3965: g++ -E  conftest.cpp
configure_mod:3965: $? = 0
configure_mod:3979: g++ -E  conftest.cpp
conftest.cpp:11:28: fatal error: ac_nonexistent.h: No such file or directory
compilation terminated.
configure_mod:3979: $? = 1
configure_mod: failed program was:
| /* confdefs.h */
| #define PACKAGE_NAME ""
| #define PACKAGE_TARNAME ""
| #define PACKAGE_VERSION ""
| #define PACKAGE_STRING ""
| #define PACKAGE_BUGREPORT ""
| #define PACKAGE_URL ""
| #define PACKAGE "gr-ucla"
| #define VERSION "0.0svn"
| /* end confdefs.h.  */
| #include <ac_nonexistent.h>
configure_mod:4020: checking whether C++ has bool
configure_mod:4031: g++ -o conftest -g -O2   conftest.cpp  >&5
configure_mod:4031: $? = 0
configure_mod:4031: ./conftest
configure_mod:4031: $? = 0
configure_mod:4032: result: yes
configure_mod:4046: checking whether C++ has buggy scoping in for-loops
configure_mod:4062: g++ -c -g -O2  conftest.cpp >&5
conftest.cpp:11:22: fatal error: iostream.h: No such file or directory
compilation terminated.
configure_mod:4062: $? = 1
configure_mod: failed program was:
| /* confdefs.h */
| #define PACKAGE_NAME ""
| #define PACKAGE_TARNAME ""
| #define PACKAGE_VERSION ""
| #define PACKAGE_STRING ""
| #define PACKAGE_BUGREPORT ""
| #define PACKAGE_URL ""
| #define PACKAGE "gr-ucla"
| #define VERSION "0.0svn"
| /* end confdefs.h.  */
| #include <iostream.h>
| int
| main ()
| {
| 
|    for (int i=0;i<10;i++) { }
|    for (int i=0;i<10;i++) { }
| 
|   ;
|   return 0;
| }
configure_mod:4066: result: yes
configure_mod:4074: checking whether user wants assertions
configure_mod:4084: result: yes
configure_mod:4089: checking whether C++ has std::isnan
configure_mod:4104: g++ -c -g -O2  conftest.cpp >&5
conftest.cpp: In function 'int main()':
conftest.cpp:17:9: error: expected unqualified-id before '(' token
configure_mod:4104: $? = 1
configure_mod: failed program was:
| /* confdefs.h */
| #define PACKAGE_NAME ""
| #define PACKAGE_TARNAME ""
| #define PACKAGE_VERSION ""
| #define PACKAGE_STRING ""
| #define PACKAGE_BUGREPORT ""
| #define PACKAGE_URL ""
| #define PACKAGE "gr-ucla"
| #define VERSION "0.0svn"
| #define CXX_HAS_BUGGY_FOR_LOOPS /**/
| /* end confdefs.h.  */
| #include <math.h>
| int
| main ()
| {
| 
|    std::isnan(0);
| 
|   ;
|   return 0;
| }
configure_mod:4111: result: no
configure_mod:4125: checking whether user wants warnings
configure_mod:4136: result: yes
configure_mod:4170: checking whether g++ accepts -Wall
configure_mod:4175: result: yes
configure_mod:4170: checking whether g++ accepts -Woverloaded-virtual
configure_mod:4175: result: yes
configure_mod:4188: checking whether user wants gprof
configure_mod:4198: result: no
configure_mod:4251: checking whether user wants prof
configure_mod:4261: result: no
configure_mod:4361: checking for gcc
configure_mod:4377: found /usr/bin/gcc
configure_mod:4388: result: gcc
configure_mod:4617: checking for C compiler version
configure_mod:4626: gcc --version >&5
gcc (Ubuntu/Linaro 4.6.3-1ubuntu5) 4.6.3
Copyright (C) 2011 Free Software Foundation, Inc.
This is free software; see the source for copying conditions.  There is NO
warranty; not even for MERCHANTABILITY or FITNESS FOR A PARTICULAR PURPOSE.

configure_mod:4637: $? = 0
configure_mod:4626: gcc -v >&5
Using built-in specs.
COLLECT_GCC=gcc
COLLECT_LTO_WRAPPER=/usr/lib/gcc/x86_64-linux-gnu/4.6/lto-wrapper
Target: x86_64-linux-gnu
Configured with: ../src/configure -v --with-pkgversion='Ubuntu/Linaro 4.6.3-1ubuntu5' --with-bugurl=file:///usr/share/doc/gcc-4.6/README.Bugs --enable-languages=c,c++,fortran,objc,obj-c++ --prefix=/usr --program-suffix=-4.6 --enable-shared --enable-linker-build-id --with-system-zlib --libexecdir=/usr/lib --without-included-gettext --enable-threads=posix --with-gxx-include-dir=/usr/include/c++/4.6 --libdir=/usr/lib --enable-nls --with-sysroot=/ --enable-clocale=gnu --enable-libstdcxx-debug --enable-libstdcxx-time=yes --enable-gnu-unique-object --enable-plugin --enable-objc-gc --disable-werror --with-arch-32=i686 --with-tune=generic --enable-checking=release --build=x86_64-linux-gnu --host=x86_64-linux-gnu --target=x86_64-linux-gnu
Thread model: posix
gcc version 4.6.3 (Ubuntu/Linaro 4.6.3-1ubuntu5) 
configure_mod:4637: $? = 0
configure_mod:4626: gcc -V >&5
gcc: error: unrecognized option '-V'
gcc: fatal error: no input files
compilation terminated.
configure_mod:4637: $? = 4
configure_mod:4626: gcc -qversion >&5
gcc: error: unrecognized option '-qversion'
gcc: fatal error: no input files
compilation terminated.
configure_mod:4637: $? = 4
configure_mod:4641: checking whether we are using the GNU C compiler
configure_mod:4660: gcc -c   conftest.c >&5
configure_mod:4660: $? = 0
configure_mod:4669: result: yes
configure_mod:4678: checking whether gcc accepts -g
configure_mod:4698: gcc -c -g  conftest.c >&5
configure_mod:4698: $? = 0
configure_mod:4739: result: yes
configure_mod:4756: checking for gcc option to accept ISO C89
configure_mod:4820: gcc  -c -g -O2  conftest.c >&5
configure_mod:4820: $? = 0
configure_mod:4833: result: none needed
configure_mod:4855: checking dependency style of gcc
configure_mod:4966: result: gcc3
configure_mod:4988: checking whether ln -s works
configure_mod:4992: result: yes
configure_mod:4999: checking whether make sets $(MAKE)
configure_mod:5021: result: yes
configure_mod:5441: checking how to print strings
configure_mod:5468: result: printf
configure_mod:5489: checking for a sed that does not truncate output
configure_mod:5553: result: /bin/sed
configure_mod:5571: checking for grep that handles long lines and -e
configure_mod:5629: result: /bin/grep
configure_mod:5634: checking for egrep
configure_mod:5696: result: /bin/grep -E
configure_mod:5701: checking for fgrep
configure_mod:5763: result: /bin/grep -F
configure_mod:5798: checking for ld used by gcc
configure_mod:5865: result: /usr/bin/ld
configure_mod:5872: checking if the linker (/usr/bin/ld) is GNU ld
configure_mod:5887: result: yes
configure_mod:5899: checking for BSD- or MS-compatible name lister (nm)
configure_mod:5948: result: /usr/bin/nm -B
configure_mod:6078: checking the name lister (/usr/bin/nm -B) interface
configure_mod:6085: gcc -c -g -O2  conftest.c >&5
configure_mod:6088: /usr/bin/nm -B "conftest.o"
configure_mod:6091: output
0000000000000000 B some_variable
configure_mod:6098: result: BSD nm
configure_mod:6102: checking the maximum length of command line arguments
configure_mod:6232: result: 1572864
configure_mod:6249: checking whether the shell understands some XSI constructs
configure_mod:6259: result: yes
configure_mod:6263: checking whether the shell understands "+="
configure_mod:6269: result: yes
configure_mod:6304: checking how to convert x86_64-unknown-linux-gnu file names to x86_64-unknown-linux-gnu format
configure_mod:6344: result: func_convert_file_noop
configure_mod:6351: checking how to convert x86_64-unknown-linux-gnu file names to toolchain format
configure_mod:6371: result: func_convert_file_noop
configure_mod:6378: checking for /usr/bin/ld option to reload object files
configure_mod:6385: result: -r
configure_mod:6459: checking for objdump
configure_mod:6486: result: objdump
configure_mod:6515: checking how to recognize dependent libraries
configure_mod:6717: result: pass_all
configure_mod:6802: checking for dlltool
configure_mod:6829: result: dlltool
configure_mod:6859: checking how to associate runtime and link libraries
configure_mod:6886: result: printf %s\n
configure_mod:6947: checking for ar
configure_mod:6963: found /usr/bin/ar
configure_mod:6974: result: ar
configure_mod:7011: checking for archiver @FILE support
configure_mod:7028: gcc -c -g -O2  conftest.c >&5
configure_mod:7028: $? = 0
configure_mod:7031: ar cru libconftest.a @conftest.lst >&5
configure_mod:7034: $? = 0
configure_mod:7039: ar cru libconftest.a @conftest.lst >&5
ar: conftest.o: No such file or directory
configure_mod:7042: $? = 1
configure_mod:7054: result: @
configure_mod:7112: checking for strip
configure_mod:7128: found /usr/bin/strip
configure_mod:7139: result: strip
configure_mod:7211: checking for ranlib
configure_mod:7227: found /usr/bin/ranlib
configure_mod:7238: result: ranlib
configure_mod:7340: checking command to parse /usr/bin/nm -B output from gcc object
configure_mod:7460: gcc -c -g -O2  conftest.c >&5
configure_mod:7463: $? = 0
configure_mod:7467: /usr/bin/nm -B conftest.o \| sed -n -e 's/^.*[ ]\([ABCDGIRSTW][ABCDGIRSTW]*\)[ ][ ]*\([_A-Za-z][_A-Za-z0-9]*\)$/\1 \2 \2/p' | sed '/ __gnu_lto/d' \> conftest.nm
configure_mod:7470: $? = 0
configure_mod:7536: gcc -o conftest -g -O2   conftest.c conftstm.o >&5
configure_mod:7539: $? = 0
configure_mod:7577: result: ok
configure_mod:7614: checking for sysroot
configure_mod:7644: result: no
configure_mod:7721: gcc -c -g -O2  conftest.c >&5
configure_mod:7724: $? = 0
configure_mod:7900: checking for mt
configure_mod:7916: found /bin/mt
configure_mod:7927: result: mt
configure_mod:7950: checking if mt is a manifest tool
configure_mod:7956: mt '-?'
configure_mod:7964: result: no
configure_mod:8606: checking how to run the C preprocessor
configure_mod:8637: gcc -E  conftest.c
configure_mod:8637: $? = 0
configure_mod:8651: gcc -E  conftest.c
conftest.c:12:28: fatal error: ac_nonexistent.h: No such file or directory
compilation terminated.
configure_mod:8651: $? = 1
configure_mod: failed program was:
| /* confdefs.h */
| #define PACKAGE_NAME ""
| #define PACKAGE_TARNAME ""
| #define PACKAGE_VERSION ""
| #define PACKAGE_STRING ""
| #define PACKAGE_BUGREPORT ""
| #define PACKAGE_URL ""
| #define PACKAGE "gr-ucla"
| #define VERSION "0.0svn"
| #define CXX_HAS_BUGGY_FOR_LOOPS /**/
| /* end confdefs.h.  */
| #include <ac_nonexistent.h>
configure_mod:8676: result: gcc -E
configure_mod:8696: gcc -E  conftest.c
configure_mod:8696: $? = 0
configure_mod:8710: gcc -E  conftest.c
conftest.c:12:28: fatal error: ac_nonexistent.h: No such file or directory
compilation terminated.
configure_mod:8710: $? = 1
configure_mod: failed program was:
| /* confdefs.h */
| #define PACKAGE_NAME ""
| #define PACKAGE_TARNAME ""
| #define PACKAGE_VERSION ""
| #define PACKAGE_STRING ""
| #define PACKAGE_BUGREPORT ""
| #define PACKAGE_URL ""
| #define PACKAGE "gr-ucla"
| #define VERSION "0.0svn"
| #define CXX_HAS_BUGGY_FOR_LOOPS /**/
| /* end confdefs.h.  */
| #include <ac_nonexistent.h>
configure_mod:8739: checking for ANSI C header files
configure_mod:8759: gcc -c -g -O2  conftest.c >&5
configure_mod:8759: $? = 0
configure_mod:8832: gcc -o conftest -g -O2   conftest.c  >&5
configure_mod:8832: $? = 0
configure_mod:8832: ./conftest
configure_mod:8832: $? = 0
configure_mod:8843: result: yes
configure_mod:8856: checking for sys/types.h
configure_mod:8856: gcc -c -g -O2  conftest.c >&5
configure_mod:8856: $? = 0
configure_mod:8856: result: yes
configure_mod:8856: checking for sys/stat.h
configure_mod:8856: gcc -c -g -O2  conftest.c >&5
configure_mod:8856: $? = 0
configure_mod:8856: result: yes
configure_mod:8856: checking for stdlib.h
configure_mod:8856: gcc -c -g -O2  conftest.c >&5
configure_mod:8856: $? = 0
configure_mod:8856: result: yes
configure_mod:8856: checking for string.h
configure_mod:8856: gcc -c -g -O2  conftest.c >&5
configure_mod:8856: $? = 0
configure_mod:8856: result: yes
configure_mod:8856: checking for memory.h
configure_mod:8856: gcc -c -g -O2  conftest.c >&5
configure_mod:8856: $? = 0
configure_mod:8856: result: yes
configure_mod:8856: checking for strings.h
configure_mod:8856: gcc -c -g -O2  conftest.c >&5
configure_mod:8856: $? = 0
configure_mod:8856: result: yes
configure_mod:8856: checking for inttypes.h
configure_mod:8856: gcc -c -g -O2  conftest.c >&5
configure_mod:8856: $? = 0
configure_mod:8856: result: yes
configure_mod:8856: checking for stdint.h
configure_mod:8856: gcc -c -g -O2  conftest.c >&5
configure_mod:8856: $? = 0
configure_mod:8856: result: yes
configure_mod:8856: checking for unistd.h
configure_mod:8856: gcc -c -g -O2  conftest.c >&5
configure_mod:8856: $? = 0
configure_mod:8856: result: yes
configure_mod:8870: checking for dlfcn.h
configure_mod:8870: gcc -c -g -O2  conftest.c >&5
configure_mod:8870: $? = 0
configure_mod:8870: result: yes
configure_mod:9024: checking for objdir
configure_mod:9039: result: .libs
configure_mod:9306: checking if gcc supports -fno-rtti -fno-exceptions
configure_mod:9324: gcc -c -g -O2  -fno-rtti -fno-exceptions conftest.c >&5
cc1: warning: command line option '-fno-rtti' is valid for C++/ObjC++ but not for C [enabled by default]
configure_mod:9328: $? = 0
configure_mod:9341: result: no
configure_mod:9668: checking for gcc option to produce PIC
configure_mod:9675: result: -fPIC -DPIC
configure_mod:9683: checking if gcc PIC flag -fPIC -DPIC works
configure_mod:9701: gcc -c -g -O2  -fPIC -DPIC -DPIC conftest.c >&5
configure_mod:9705: $? = 0
configure_mod:9718: result: yes
configure_mod:9747: checking if gcc static flag -static works
configure_mod:9775: result: yes
configure_mod:9790: checking if gcc supports -c -o file.o
configure_mod:9811: gcc -c -g -O2  -o out/conftest2.o conftest.c >&5
configure_mod:9815: $? = 0
configure_mod:9837: result: yes
configure_mod:9845: checking if gcc supports -c -o file.o
configure_mod:9892: result: yes
configure_mod:9925: checking whether the gcc linker (/usr/bin/ld -m elf_x86_64) supports shared libraries
configure_mod:11082: result: yes
configure_mod:11119: checking whether -lc should be explicitly linked in
configure_mod:11127: gcc -c -g -O2  conftest.c >&5
configure_mod:11130: $? = 0
configure_mod:11145: gcc -shared  -fPIC -DPIC conftest.o  -v -Wl,-soname -Wl,conftest -o conftest 2\>\&1 \| /bin/grep  -lc  \>/dev/null 2\>\&1
configure_mod:11148: $? = 0
configure_mod:11162: result: no
configure_mod:11322: checking dynamic linker characteristics
configure_mod:11833: gcc -o conftest -g -O2   -Wl,-rpath -Wl,/foo conftest.c  >&5
configure_mod:11833: $? = 0
configure_mod:12067: result: GNU/Linux ld.so
configure_mod:12174: checking how to hardcode library paths into programs
configure_mod:12199: result: immediate
configure_mod:12739: checking whether stripping libraries is possible
configure_mod:12744: result: yes
configure_mod:12779: checking if libtool supports shared libraries
configure_mod:12781: result: yes
configure_mod:12784: checking whether to build shared libraries
configure_mod:12805: result: yes
configure_mod:12808: checking whether to build static libraries
configure_mod:12812: result: no
configure_mod:12835: checking how to run the C++ preprocessor
configure_mod:12901: result: g++ -E
configure_mod:12921: g++ -E  conftest.cpp
configure_mod:12921: $? = 0
configure_mod:12935: g++ -E  conftest.cpp
conftest.cpp:24:28: fatal error: ac_nonexistent.h: No such file or directory
compilation terminated.
configure_mod:12935: $? = 1
configure_mod: failed program was:
| /* confdefs.h */
| #define PACKAGE_NAME ""
| #define PACKAGE_TARNAME ""
| #define PACKAGE_VERSION ""
| #define PACKAGE_STRING ""
| #define PACKAGE_BUGREPORT ""
| #define PACKAGE_URL ""
| #define PACKAGE "gr-ucla"
| #define VERSION "0.0svn"
| #define CXX_HAS_BUGGY_FOR_LOOPS /**/
| #define STDC_HEADERS 1
| #define HAVE_SYS_TYPES_H 1
| #define HAVE_SYS_STAT_H 1
| #define HAVE_STDLIB_H 1
| #define HAVE_STRING_H 1
| #define HAVE_MEMORY_H 1
| #define HAVE_STRINGS_H 1
| #define HAVE_INTTYPES_H 1
| #define HAVE_STDINT_H 1
| #define HAVE_UNISTD_H 1
| #define HAVE_DLFCN_H 1
| #define LT_OBJDIR ".libs/"
| /* end confdefs.h.  */
| #include <ac_nonexistent.h>
configure_mod:13104: checking for ld used by g++
configure_mod:13171: result: /usr/bin/ld -m elf_x86_64
configure_mod:13178: checking if the linker (/usr/bin/ld -m elf_x86_64) is GNU ld
configure_mod:13193: result: yes
configure_mod:13248: checking whether the g++ linker (/usr/bin/ld -m elf_x86_64) supports shared libraries
configure_mod:14253: result: yes
configure_mod:14289: g++ -c -g -O2 -Wall -Woverloaded-virtual  conftest.cpp >&5
configure_mod:14292: $? = 0
configure_mod:14812: checking for g++ option to produce PIC
configure_mod:14819: result: -fPIC -DPIC
configure_mod:14827: checking if g++ PIC flag -fPIC -DPIC works
configure_mod:14845: g++ -c -g -O2 -Wall -Woverloaded-virtual  -fPIC -DPIC -DPIC conftest.cpp >&5
configure_mod:14849: $? = 0
configure_mod:14862: result: yes
configure_mod:14885: checking if g++ static flag -static works
configure_mod:14913: result: yes
configure_mod:14925: checking if g++ supports -c -o file.o
configure_mod:14946: g++ -c -g -O2 -Wall -Woverloaded-virtual  -o out/conftest2.o conftest.cpp >&5
configure_mod:14950: $? = 0
configure_mod:14972: result: yes
configure_mod:14977: checking if g++ supports -c -o file.o
configure_mod:15024: result: yes
configure_mod:15054: checking whether the g++ linker (/usr/bin/ld -m elf_x86_64) supports shared libraries
configure_mod:15093: result: yes
configure_mod:15234: checking dynamic linker characteristics
configure_mod:15913: result: GNU/Linux ld.so
configure_mod:15966: checking how to hardcode library paths into programs
configure_mod:15991: result: immediate
configure_mod:16078: checking for python
configure_mod:16096: found /usr/bin/python
configure_mod:16108: result: /usr/bin/python
configure_mod:16129: checking for python version
configure_mod:16136: result: 2.7
configure_mod:16148: checking for python platform
configure_mod:16155: result: linux2
configure_mod:16162: checking for python script directory
configure_mod:16190: result: ${prefix}/lib/python2.7/dist-packages
configure_mod:16199: checking for python extension module directory
configure_mod:16227: result: ${exec_prefix}/lib/python2.7/dist-packages
configure_mod:16245: checking for Python include path
configure_mod:16261: result: /usr/include/python2.7
configure_mod:16275: checking Python.h usability
configure_mod:16275: gcc -c -g -O2  -I/usr/include/python2.7 conftest.c >&5
In file included from /usr/include/python2.7/Python.h:8:0,
                 from conftest.c:57:
/usr/include/python2.7/pyconfig.h:1161:0: warning: "_POSIX_C_SOURCE" redefined [enabled by default]
/usr/include/features.h:215:0: note: this is the location of the previous definition
configure_mod:16275: $? = 0
configure_mod:16275: result: yes
configure_mod:16275: checking Python.h presence
configure_mod:16275: gcc -E  -I/usr/include/python2.7 conftest.c
configure_mod:16275: $? = 0
configure_mod:16275: result: yes
configure_mod:16275: checking for Python.h
configure_mod:16275: result: yes
configure_mod:16364: checking for swig
configure_mod:16380: found /usr/bin/swig
configure_mod:16391: result: /usr/bin/swig
configure_mod:16403: checking for SWIG version
configure_mod:16407: result: 2.0.4
configure_mod:16564: checking for the pthreads library -lpthreads
configure_mod:16597: gcc -o conftest -g -O2    conftest.c -lpthreads  >&5
/usr/bin/ld: cannot find -lpthreads
collect2: ld returned 1 exit status
configure_mod:16597: $? = 1
configure_mod: failed program was:
| /* confdefs.h */
| #define PACKAGE_NAME ""
| #define PACKAGE_TARNAME ""
| #define PACKAGE_VERSION ""
| #define PACKAGE_STRING ""
| #define PACKAGE_BUGREPORT ""
| #define PACKAGE_URL ""
| #define PACKAGE "gr-ucla"
| #define VERSION "0.0svn"
| #define CXX_HAS_BUGGY_FOR_LOOPS /**/
| #define STDC_HEADERS 1
| #define HAVE_SYS_TYPES_H 1
| #define HAVE_SYS_STAT_H 1
| #define HAVE_STDLIB_H 1
| #define HAVE_STRING_H 1
| #define HAVE_MEMORY_H 1
| #define HAVE_STRINGS_H 1
| #define HAVE_INTTYPES_H 1
| #define HAVE_STDINT_H 1
| #define HAVE_UNISTD_H 1
| #define HAVE_DLFCN_H 1
| #define LT_OBJDIR ".libs/"
| #define HAVE_PYTHON_H 1
| /* end confdefs.h.  */
| #include <pthread.h>
| int
| main ()
| {
| pthread_t th; pthread_join(th, 0);
|                      pthread_attr_init(0); pthread_cleanup_push(0, 0);
|                      pthread_create(0,0,0,0); pthread_cleanup_pop(0);
|   ;
|   return 0;
| }
configure_mod:16606: result: no
configure_mod:16553: checking whether pthreads work without any flags
configure_mod:16597: gcc -o conftest -g -O2    conftest.c   >&5
/tmp/ccHrh5yt.o: In function `main':
/home/zitouni/Desktop/Gnuradio-2_6-Programs/git/ece_zigbee_phy/conftest.c:29: undefined reference to `pthread_join'
/home/zitouni/Desktop/Gnuradio-2_6-Programs/git/ece_zigbee_phy/conftest.c:30: undefined reference to `__pthread_register_cancel'
/home/zitouni/Desktop/Gnuradio-2_6-Programs/git/ece_zigbee_phy/conftest.c:31: undefined reference to `pthread_create'
/home/zitouni/Desktop/Gnuradio-2_6-Programs/git/ece_zigbee_phy/conftest.c:31: undefined reference to `__pthread_unregister_cancel'
collect2: ld returned 1 exit status
configure_mod:16597: $? = 1
configure_mod: failed program was:
| /* confdefs.h */
| #define PACKAGE_NAME ""
| #define PACKAGE_TARNAME ""
| #define PACKAGE_VERSION ""
| #define PACKAGE_STRING ""
| #define PACKAGE_BUGREPORT ""
| #define PACKAGE_URL ""
| #define PACKAGE "gr-ucla"
| #define VERSION "0.0svn"
| #define CXX_HAS_BUGGY_FOR_LOOPS /**/
| #define STDC_HEADERS 1
| #define HAVE_SYS_TYPES_H 1
| #define HAVE_SYS_STAT_H 1
| #define HAVE_STDLIB_H 1
| #define HAVE_STRING_H 1
| #define HAVE_MEMORY_H 1
| #define HAVE_STRINGS_H 1
| #define HAVE_INTTYPES_H 1
| #define HAVE_STDINT_H 1
| #define HAVE_UNISTD_H 1
| #define HAVE_DLFCN_H 1
| #define LT_OBJDIR ".libs/"
| #define HAVE_PYTHON_H 1
| /* end confdefs.h.  */
| #include <pthread.h>
| int
| main ()
| {
| pthread_t th; pthread_join(th, 0);
|                      pthread_attr_init(0); pthread_cleanup_push(0, 0);
|                      pthread_create(0,0,0,0); pthread_cleanup_pop(0);
|   ;
|   return 0;
| }
configure_mod:16606: result: no
configure_mod:16558: checking whether pthreads work with -Kthread
configure_mod:16597: gcc -o conftest -g -O2 -Kthread   conftest.c   >&5
gcc: error: unrecognized option '-Kthread'
configure_mod:16597: $? = 1
configure_mod: failed program was:
| /* confdefs.h */
| #define PACKAGE_NAME ""
| #define PACKAGE_TARNAME ""
| #define PACKAGE_VERSION ""
| #define PACKAGE_STRING ""
| #define PACKAGE_BUGREPORT ""
| #define PACKAGE_URL ""
| #define PACKAGE "gr-ucla"
| #define VERSION "0.0svn"
| #define CXX_HAS_BUGGY_FOR_LOOPS /**/
| #define STDC_HEADERS 1
| #define HAVE_SYS_TYPES_H 1
| #define HAVE_SYS_STAT_H 1
| #define HAVE_STDLIB_H 1
| #define HAVE_STRING_H 1
| #define HAVE_MEMORY_H 1
| #define HAVE_STRINGS_H 1
| #define HAVE_INTTYPES_H 1
| #define HAVE_STDINT_H 1
| #define HAVE_UNISTD_H 1
| #define HAVE_DLFCN_H 1
| #define LT_OBJDIR ".libs/"
| #define HAVE_PYTHON_H 1
| /* end confdefs.h.  */
| #include <pthread.h>
| int
| main ()
| {
| pthread_t th; pthread_join(th, 0);
|                      pthread_attr_init(0); pthread_cleanup_push(0, 0);
|                      pthread_create(0,0,0,0); pthread_cleanup_pop(0);
|   ;
|   return 0;
| }
configure_mod:16606: result: no
configure_mod:16558: checking whether pthreads work with -kthread
configure_mod:16597: gcc -o conftest -g -O2 -kthread   conftest.c   >&5
gcc: error: unrecognized option '-kthread'
configure_mod:16597: $? = 1
configure_mod: failed program was:
| /* confdefs.h */
| #define PACKAGE_NAME ""
| #define PACKAGE_TARNAME ""
| #define PACKAGE_VERSION ""
| #define PACKAGE_STRING ""
| #define PACKAGE_BUGREPORT ""
| #define PACKAGE_URL ""
| #define PACKAGE "gr-ucla"
| #define VERSION "0.0svn"
| #define CXX_HAS_BUGGY_FOR_LOOPS /**/
| #define STDC_HEADERS 1
| #define HAVE_SYS_TYPES_H 1
| #define HAVE_SYS_STAT_H 1
| #define HAVE_STDLIB_H 1
| #define HAVE_STRING_H 1
| #define HAVE_MEMORY_H 1
| #define HAVE_STRINGS_H 1
| #define HAVE_INTTYPES_H 1
| #define HAVE_STDINT_H 1
| #define HAVE_UNISTD_H 1
| #define HAVE_DLFCN_H 1
| #define LT_OBJDIR ".libs/"
| #define HAVE_PYTHON_H 1
| /* end confdefs.h.  */
| #include <pthread.h>
| int
| main ()
| {
| pthread_t th; pthread_join(th, 0);
|                      pthread_attr_init(0); pthread_cleanup_push(0, 0);
|                      pthread_create(0,0,0,0); pthread_cleanup_pop(0);
|   ;
|   return 0;
| }
configure_mod:16606: result: no
configure_mod:16564: checking for the pthreads library -llthread
configure_mod:16597: gcc -o conftest -g -O2    conftest.c -llthread  >&5
/usr/bin/ld: cannot find -llthread
collect2: ld returned 1 exit status
configure_mod:16597: $? = 1
configure_mod: failed program was:
| /* confdefs.h */
| #define PACKAGE_NAME ""
| #define PACKAGE_TARNAME ""
| #define PACKAGE_VERSION ""
| #define PACKAGE_STRING ""
| #define PACKAGE_BUGREPORT ""
| #define PACKAGE_URL ""
| #define PACKAGE "gr-ucla"
| #define VERSION "0.0svn"
| #define CXX_HAS_BUGGY_FOR_LOOPS /**/
| #define STDC_HEADERS 1
| #define HAVE_SYS_TYPES_H 1
| #define HAVE_SYS_STAT_H 1
| #define HAVE_STDLIB_H 1
| #define HAVE_STRING_H 1
| #define HAVE_MEMORY_H 1
| #define HAVE_STRINGS_H 1
| #define HAVE_INTTYPES_H 1
| #define HAVE_STDINT_H 1
| #define HAVE_UNISTD_H 1
| #define HAVE_DLFCN_H 1
| #define LT_OBJDIR ".libs/"
| #define HAVE_PYTHON_H 1
| /* end confdefs.h.  */
| #include <pthread.h>
| int
| main ()
| {
| pthread_t th; pthread_join(th, 0);
|                      pthread_attr_init(0); pthread_cleanup_push(0, 0);
|                      pthread_create(0,0,0,0); pthread_cleanup_pop(0);
|   ;
|   return 0;
| }
configure_mod:16606: result: no
configure_mod:16558: checking whether pthreads work with -pthread
configure_mod:16597: gcc -o conftest -g -O2 -pthread   conftest.c   >&5
configure_mod:16597: $? = 0
configure_mod:16606: result: yes
configure_mod:16626: checking for joinable pthread attribute
configure_mod:16639: gcc -o conftest -g -O2 -pthread   conftest.c   >&5
configure_mod:16639: $? = 0
configure_mod:16671: result: PTHREAD_CREATE_JOINABLE
configure_mod:16678: checking if more special flags are required for pthreads
configure_mod:16685: result: no
configure_mod:16697: checking for cc_r
configure_mod:16725: result: gcc
configure_mod:16809: checking for library containing clock_gettime
configure_mod:16840: gcc -o conftest -g -O2   conftest.c  >&5
/tmp/ccDPGUcI.o: In function `main':
/home/zitouni/Desktop/Gnuradio-2_6-Programs/git/ece_zigbee_phy/conftest.c:37: undefined reference to `clock_gettime'
collect2: ld returned 1 exit status
configure_mod:16840: $? = 1
configure_mod: failed program was:
| /* confdefs.h */
| #define PACKAGE_NAME ""
| #define PACKAGE_TARNAME ""
| #define PACKAGE_VERSION ""
| #define PACKAGE_STRING ""
| #define PACKAGE_BUGREPORT ""
| #define PACKAGE_URL ""
| #define PACKAGE "gr-ucla"
| #define VERSION "0.0svn"
| #define CXX_HAS_BUGGY_FOR_LOOPS /**/
| #define STDC_HEADERS 1
| #define HAVE_SYS_TYPES_H 1
| #define HAVE_SYS_STAT_H 1
| #define HAVE_STDLIB_H 1
| #define HAVE_STRING_H 1
| #define HAVE_MEMORY_H 1
| #define HAVE_STRINGS_H 1
| #define HAVE_INTTYPES_H 1
| #define HAVE_STDINT_H 1
| #define HAVE_UNISTD_H 1
| #define HAVE_DLFCN_H 1
| #define LT_OBJDIR ".libs/"
| #define HAVE_PYTHON_H 1
| #define OMNITHREAD_POSIX 1
| /* end confdefs.h.  */
| 
| /* Override any GCC internal prototype to avoid an error.
|    Use char because int might match the return type of a GCC
|    builtin and then its argument prototype would still apply.  */
| #ifdef __cplusplus
| extern "C"
| #endif
| char clock_gettime ();
| int
| main ()
| {
| return clock_gettime ();
|   ;
|   return 0;
| }
configure_mod:16840: gcc -o conftest -g -O2   conftest.c -lrt   >&5
configure_mod:16840: $? = 0
configure_mod:16857: result: -lrt
configure_mod:16868: checking for clock_gettime
configure_mod:16868: gcc -o conftest -g -O2   conftest.c -lrt  >&5
configure_mod:16868: $? = 0
configure_mod:16868: result: yes
configure_mod:16868: checking for gettimeofday
configure_mod:16868: gcc -o conftest -g -O2   conftest.c -lrt  >&5
configure_mod:16868: $? = 0
configure_mod:16868: result: yes
configure_mod:16868: checking for nanosleep
configure_mod:16868: gcc -o conftest -g -O2   conftest.c -lrt  >&5
configure_mod:16868: $? = 0
configure_mod:16868: result: yes
configure_mod:16889: checking for ANSI C header files
configure_mod:16993: result: yes
configure_mod:17001: checking for sys/wait.h that is POSIX.1 compatible
configure_mod:17027: gcc -c -g -O2 -pthread  conftest.c >&5
configure_mod:17027: $? = 0
configure_mod:17034: result: yes
configure_mod:17045: checking fcntl.h usability
configure_mod:17045: gcc -c -g -O2 -pthread  conftest.c >&5
configure_mod:17045: $? = 0
configure_mod:17045: result: yes
configure_mod:17045: checking fcntl.h presence
configure_mod:17045: gcc -E  conftest.c
configure_mod:17045: $? = 0
configure_mod:17045: result: yes
configure_mod:17045: checking for fcntl.h
configure_mod:17045: result: yes
configure_mod:17045: checking limits.h usability
configure_mod:17045: gcc -c -g -O2 -pthread  conftest.c >&5
configure_mod:17045: $? = 0
configure_mod:17045: result: yes
configure_mod:17045: checking limits.h presence
configure_mod:17045: gcc -E  conftest.c
configure_mod:17045: $? = 0
configure_mod:17045: result: yes
configure_mod:17045: checking for limits.h
configure_mod:17045: result: yes
configure_mod:17045: checking for strings.h
configure_mod:17045: result: yes
configure_mod:17045: checking sys/ioctl.h usability
configure_mod:17045: gcc -c -g -O2 -pthread  conftest.c >&5
configure_mod:17045: $? = 0
configure_mod:17045: result: yes
configure_mod:17045: checking sys/ioctl.h presence
configure_mod:17045: gcc -E  conftest.c
configure_mod:17045: $? = 0
configure_mod:17045: result: yes
configure_mod:17045: checking for sys/ioctl.h
configure_mod:17045: result: yes
configure_mod:17045: checking sys/time.h usability
configure_mod:17045: gcc -c -g -O2 -pthread  conftest.c >&5
configure_mod:17045: $? = 0
configure_mod:17045: result: yes
configure_mod:17045: checking sys/time.h presence
configure_mod:17045: gcc -E  conftest.c
configure_mod:17045: $? = 0
configure_mod:17045: result: yes
configure_mod:17045: checking for sys/time.h
configure_mod:17045: result: yes
configure_mod:17045: checking for unistd.h
configure_mod:17045: result: yes
configure_mod:17057: checking sys/mman.h usability
configure_mod:17057: gcc -c -g -O2 -pthread  conftest.c >&5
configure_mod:17057: $? = 0
configure_mod:17057: result: yes
configure_mod:17057: checking sys/mman.h presence
configure_mod:17057: gcc -E  conftest.c
configure_mod:17057: $? = 0
configure_mod:17057: result: yes
configure_mod:17057: checking for sys/mman.h
configure_mod:17057: result: yes
configure_mod:17068: checking for an ANSI C-conforming const
configure_mod:17133: gcc -c -g -O2 -pthread  conftest.c >&5
configure_mod:17133: $? = 0
configure_mod:17140: result: yes
configure_mod:17148: checking for inline
configure_mod:17164: gcc -c -g -O2 -pthread  conftest.c >&5
configure_mod:17164: $? = 0
configure_mod:17172: result: inline
configure_mod:17190: checking for size_t
configure_mod:17190: gcc -c -g -O2 -pthread  conftest.c >&5
configure_mod:17190: $? = 0
configure_mod:17190: gcc -c -g -O2 -pthread  conftest.c >&5
conftest.c: In function 'main':
conftest.c:74:21: error: expected expression before ')' token
configure_mod:17190: $? = 1
configure_mod: failed program was:
| /* confdefs.h */
| #define PACKAGE_NAME ""
| #define PACKAGE_TARNAME ""
| #define PACKAGE_VERSION ""
| #define PACKAGE_STRING ""
| #define PACKAGE_BUGREPORT ""
| #define PACKAGE_URL ""
| #define PACKAGE "gr-ucla"
| #define VERSION "0.0svn"
| #define CXX_HAS_BUGGY_FOR_LOOPS /**/
| #define STDC_HEADERS 1
| #define HAVE_SYS_TYPES_H 1
| #define HAVE_SYS_STAT_H 1
| #define HAVE_STDLIB_H 1
| #define HAVE_STRING_H 1
| #define HAVE_MEMORY_H 1
| #define HAVE_STRINGS_H 1
| #define HAVE_INTTYPES_H 1
| #define HAVE_STDINT_H 1
| #define HAVE_UNISTD_H 1
| #define HAVE_DLFCN_H 1
| #define LT_OBJDIR ".libs/"
| #define HAVE_PYTHON_H 1
| #define OMNITHREAD_POSIX 1
| #define HAVE_CLOCK_GETTIME 1
| #define HAVE_GETTIMEOFDAY 1
| #define HAVE_NANOSLEEP 1
| #define STDC_HEADERS 1
| #define HAVE_SYS_WAIT_H 1
| #define HAVE_FCNTL_H 1
| #define HAVE_LIMITS_H 1
| #define HAVE_STRINGS_H 1
| #define HAVE_SYS_IOCTL_H 1
| #define HAVE_SYS_TIME_H 1
| #define HAVE_UNISTD_H 1
| #define HAVE_SYS_MMAN_H 1
| /* end confdefs.h.  */
| #include <stdio.h>
| #ifdef HAVE_SYS_TYPES_H
| # include <sys/types.h>
| #endif
| #ifdef HAVE_SYS_STAT_H
| # include <sys/stat.h>
| #endif
| #ifdef STDC_HEADERS
| # include <stdlib.h>
| # include <stddef.h>
| #else
| # ifdef HAVE_STDLIB_H
| #  include <stdlib.h>
| # endif
| #endif
| #ifdef HAVE_STRING_H
| # if !defined STDC_HEADERS && defined HAVE_MEMORY_H
| #  include <memory.h>
| # endif
| # include <string.h>
| #endif
| #ifdef HAVE_STRINGS_H
| # include <strings.h>
| #endif
| #ifdef HAVE_INTTYPES_H
| # include <inttypes.h>
| #endif
| #ifdef HAVE_STDINT_H
| # include <stdint.h>
| #endif
| #ifdef HAVE_UNISTD_H
| # include <unistd.h>
| #endif
| int
| main ()
| {
| if (sizeof ((size_t)))
| 	    return 0;
|   ;
|   return 0;
| }
configure_mod:17190: result: yes
configure_mod:17201: checking whether time.h and sys/time.h may both be included
configure_mod:17221: gcc -c -g -O2 -pthread  conftest.c >&5
configure_mod:17221: $? = 0
configure_mod:17228: result: yes
configure_mod:17240: checking for dummy
configure_mod:17240: gcc -o conftest -g -O2 -pthread   conftest.c  >&5
/tmp/ccMnBbzw.o: In function `main':
/home/zitouni/Desktop/Gnuradio-2_6-Programs/git/ece_zigbee_phy/conftest.c:73: undefined reference to `dummy'
collect2: ld returned 1 exit status
configure_mod:17240: $? = 1
configure_mod: failed program was:
| /* confdefs.h */
| #define PACKAGE_NAME ""
| #define PACKAGE_TARNAME ""
| #define PACKAGE_VERSION ""
| #define PACKAGE_STRING ""
| #define PACKAGE_BUGREPORT ""
| #define PACKAGE_URL ""
| #define PACKAGE "gr-ucla"
| #define VERSION "0.0svn"
| #define CXX_HAS_BUGGY_FOR_LOOPS /**/
| #define STDC_HEADERS 1
| #define HAVE_SYS_TYPES_H 1
| #define HAVE_SYS_STAT_H 1
| #define HAVE_STDLIB_H 1
| #define HAVE_STRING_H 1
| #define HAVE_MEMORY_H 1
| #define HAVE_STRINGS_H 1
| #define HAVE_INTTYPES_H 1
| #define HAVE_STDINT_H 1
| #define HAVE_UNISTD_H 1
| #define HAVE_DLFCN_H 1
| #define LT_OBJDIR ".libs/"
| #define HAVE_PYTHON_H 1
| #define OMNITHREAD_POSIX 1
| #define HAVE_CLOCK_GETTIME 1
| #define HAVE_GETTIMEOFDAY 1
| #define HAVE_NANOSLEEP 1
| #define STDC_HEADERS 1
| #define HAVE_SYS_WAIT_H 1
| #define HAVE_FCNTL_H 1
| #define HAVE_LIMITS_H 1
| #define HAVE_STRINGS_H 1
| #define HAVE_SYS_IOCTL_H 1
| #define HAVE_SYS_TIME_H 1
| #define HAVE_UNISTD_H 1
| #define HAVE_SYS_MMAN_H 1
| #define TIME_WITH_SYS_TIME 1
| /* end confdefs.h.  */
| /* Define dummy to an innocuous variant, in case <limits.h> declares dummy.
|    For example, HP-UX 11i <limits.h> declares gettimeofday.  */
| #define dummy innocuous_dummy
| 
| /* System header to define __stub macros and hopefully few prototypes,
|     which can conflict with char dummy (); below.
|     Prefer <limits.h> to <assert.h> if __STDC__ is defined, since
|     <limits.h> exists even on freestanding compilers.  */
| 
| #ifdef __STDC__
| # include <limits.h>
| #else
| # include <assert.h>
| #endif
| 
| #undef dummy
| 
| /* Override any GCC internal prototype to avoid an error.
|    Use char because int might match the return type of a GCC
|    builtin and then its argument prototype would still apply.  */
| #ifdef __cplusplus
| extern "C"
| #endif
| char dummy ();
| /* The GNU C library defines this for functions which it implements
|     to always fail with ENOSYS.  Some functions are actually named
|     something starting with __ and the normal name is an alias.  */
| #if defined __stub_dummy || defined __stub___dummy
| choke me
| #endif
| 
| int
| main ()
| {
| return dummy ();
|   ;
|   return 0;
| }
configure_mod:17240: result: no
configure_mod:17240: checking for cc_r
configure_mod:17240: gcc -o conftest -g -O2 -pthread   conftest.c  >&5
/tmp/ccYlEqtC.o: In function `main':
/home/zitouni/Desktop/Gnuradio-2_6-Programs/git/ece_zigbee_phy/conftest.c:73: undefined reference to `cc_r'
collect2: ld returned 1 exit status
configure_mod:17240: $? = 1
configure_mod: failed program was:
| /* confdefs.h */
| #define PACKAGE_NAME ""
| #define PACKAGE_TARNAME ""
| #define PACKAGE_VERSION ""
| #define PACKAGE_STRING ""
| #define PACKAGE_BUGREPORT ""
| #define PACKAGE_URL ""
| #define PACKAGE "gr-ucla"
| #define VERSION "0.0svn"
| #define CXX_HAS_BUGGY_FOR_LOOPS /**/
| #define STDC_HEADERS 1
| #define HAVE_SYS_TYPES_H 1
| #define HAVE_SYS_STAT_H 1
| #define HAVE_STDLIB_H 1
| #define HAVE_STRING_H 1
| #define HAVE_MEMORY_H 1
| #define HAVE_STRINGS_H 1
| #define HAVE_INTTYPES_H 1
| #define HAVE_STDINT_H 1
| #define HAVE_UNISTD_H 1
| #define HAVE_DLFCN_H 1
| #define LT_OBJDIR ".libs/"
| #define HAVE_PYTHON_H 1
| #define OMNITHREAD_POSIX 1
| #define HAVE_CLOCK_GETTIME 1
| #define HAVE_GETTIMEOFDAY 1
| #define HAVE_NANOSLEEP 1
| #define STDC_HEADERS 1
| #define HAVE_SYS_WAIT_H 1
| #define HAVE_FCNTL_H 1
| #define HAVE_LIMITS_H 1
| #define HAVE_STRINGS_H 1
| #define HAVE_SYS_IOCTL_H 1
| #define HAVE_SYS_TIME_H 1
| #define HAVE_UNISTD_H 1
| #define HAVE_SYS_MMAN_H 1
| #define TIME_WITH_SYS_TIME 1
| /* end confdefs.h.  */
| /* Define cc_r to an innocuous variant, in case <limits.h> declares cc_r.
|    For example, HP-UX 11i <limits.h> declares gettimeofday.  */
| #define cc_r innocuous_cc_r
| 
| /* System header to define __stub macros and hopefully few prototypes,
|     which can conflict with char cc_r (); below.
|     Prefer <limits.h> to <assert.h> if __STDC__ is defined, since
|     <limits.h> exists even on freestanding compilers.  */
| 
| #ifdef __STDC__
| # include <limits.h>
| #else
| # include <assert.h>
| #endif
| 
| #undef cc_r
| 
| /* Override any GCC internal prototype to avoid an error.
|    Use char because int might match the return type of a GCC
|    builtin and then its argument prototype would still apply.  */
| #ifdef __cplusplus
| extern "C"
| #endif
| char cc_r ();
| /* The GNU C library defines this for functions which it implements
|     to always fail with ENOSYS.  Some functions are actually named
|     something starting with __ and the normal name is an alias.  */
| #if defined __stub_cc_r || defined __stub___cc_r
| choke me
| #endif
| 
| int
| main ()
| {
| return cc_r ();
|   ;
|   return 0;
| }
configure_mod:17240: result: no
configure_mod:17255: checking for sys/types.h
configure_mod:17255: result: yes
configure_mod:17255: checking for fcntl.h
configure_mod:17255: result: yes
configure_mod:17255: checking io.h usability
configure_mod:17255: gcc -c -g -O2 -pthread  conftest.c >&5
conftest.c:74:16: fatal error: io.h: No such file or directory
compilation terminated.
configure_mod:17255: $? = 1
configure_mod: failed program was:
| /* confdefs.h */
| #define PACKAGE_NAME ""
| #define PACKAGE_TARNAME ""
| #define PACKAGE_VERSION ""
| #define PACKAGE_STRING ""
| #define PACKAGE_BUGREPORT ""
| #define PACKAGE_URL ""
| #define PACKAGE "gr-ucla"
| #define VERSION "0.0svn"
| #define CXX_HAS_BUGGY_FOR_LOOPS /**/
| #define STDC_HEADERS 1
| #define HAVE_SYS_TYPES_H 1
| #define HAVE_SYS_STAT_H 1
| #define HAVE_STDLIB_H 1
| #define HAVE_STRING_H 1
| #define HAVE_MEMORY_H 1
| #define HAVE_STRINGS_H 1
| #define HAVE_INTTYPES_H 1
| #define HAVE_STDINT_H 1
| #define HAVE_UNISTD_H 1
| #define HAVE_DLFCN_H 1
| #define LT_OBJDIR ".libs/"
| #define HAVE_PYTHON_H 1
| #define OMNITHREAD_POSIX 1
| #define HAVE_CLOCK_GETTIME 1
| #define HAVE_GETTIMEOFDAY 1
| #define HAVE_NANOSLEEP 1
| #define STDC_HEADERS 1
| #define HAVE_SYS_WAIT_H 1
| #define HAVE_FCNTL_H 1
| #define HAVE_LIMITS_H 1
| #define HAVE_STRINGS_H 1
| #define HAVE_SYS_IOCTL_H 1
| #define HAVE_SYS_TIME_H 1
| #define HAVE_UNISTD_H 1
| #define HAVE_SYS_MMAN_H 1
| #define TIME_WITH_SYS_TIME 1
| #define HAVE_SYS_TYPES_H 1
| #define HAVE_FCNTL_H 1
| /* end confdefs.h.  */
| #include <stdio.h>
| #ifdef HAVE_SYS_TYPES_H
| # include <sys/types.h>
| #endif
| #ifdef HAVE_SYS_STAT_H
| # include <sys/stat.h>
| #endif
| #ifdef STDC_HEADERS
| # include <stdlib.h>
| # include <stddef.h>
| #else
| # ifdef HAVE_STDLIB_H
| #  include <stdlib.h>
| # endif
| #endif
| #ifdef HAVE_STRING_H
| # if !defined STDC_HEADERS && defined HAVE_MEMORY_H
| #  include <memory.h>
| # endif
| # include <string.h>
| #endif
| #ifdef HAVE_STRINGS_H
| # include <strings.h>
| #endif
| #ifdef HAVE_INTTYPES_H
| # include <inttypes.h>
| #endif
| #ifdef HAVE_STDINT_H
| # include <stdint.h>
| #endif
| #ifdef HAVE_UNISTD_H
| # include <unistd.h>
| #endif
| #include <io.h>
configure_mod:17255: result: no
configure_mod:17255: checking io.h presence
configure_mod:17255: gcc -E  conftest.c
conftest.c:41:16: fatal error: io.h: No such file or directory
compilation terminated.
configure_mod:17255: $? = 1
configure_mod: failed program was:
| /* confdefs.h */
| #define PACKAGE_NAME ""
| #define PACKAGE_TARNAME ""
| #define PACKAGE_VERSION ""
| #define PACKAGE_STRING ""
| #define PACKAGE_BUGREPORT ""
| #define PACKAGE_URL ""
| #define PACKAGE "gr-ucla"
| #define VERSION "0.0svn"
| #define CXX_HAS_BUGGY_FOR_LOOPS /**/
| #define STDC_HEADERS 1
| #define HAVE_SYS_TYPES_H 1
| #define HAVE_SYS_STAT_H 1
| #define HAVE_STDLIB_H 1
| #define HAVE_STRING_H 1
| #define HAVE_MEMORY_H 1
| #define HAVE_STRINGS_H 1
| #define HAVE_INTTYPES_H 1
| #define HAVE_STDINT_H 1
| #define HAVE_UNISTD_H 1
| #define HAVE_DLFCN_H 1
| #define LT_OBJDIR ".libs/"
| #define HAVE_PYTHON_H 1
| #define OMNITHREAD_POSIX 1
| #define HAVE_CLOCK_GETTIME 1
| #define HAVE_GETTIMEOFDAY 1
| #define HAVE_NANOSLEEP 1
| #define STDC_HEADERS 1
| #define HAVE_SYS_WAIT_H 1
| #define HAVE_FCNTL_H 1
| #define HAVE_LIMITS_H 1
| #define HAVE_STRINGS_H 1
| #define HAVE_SYS_IOCTL_H 1
| #define HAVE_SYS_TIME_H 1
| #define HAVE_UNISTD_H 1
| #define HAVE_SYS_MMAN_H 1
| #define TIME_WITH_SYS_TIME 1
| #define HAVE_SYS_TYPES_H 1
| #define HAVE_FCNTL_H 1
| /* end confdefs.h.  */
| #include <io.h>
configure_mod:17255: result: no
configure_mod:17255: checking for io.h
configure_mod:17255: result: no
configure_mod:17267: checking windows.h usability
configure_mod:17267: gcc -c -g -O2 -pthread  conftest.c >&5
conftest.c:74:21: fatal error: windows.h: No such file or directory
compilation terminated.
configure_mod:17267: $? = 1
configure_mod: failed program was:
| /* confdefs.h */
| #define PACKAGE_NAME ""
| #define PACKAGE_TARNAME ""
| #define PACKAGE_VERSION ""
| #define PACKAGE_STRING ""
| #define PACKAGE_BUGREPORT ""
| #define PACKAGE_URL ""
| #define PACKAGE "gr-ucla"
| #define VERSION "0.0svn"
| #define CXX_HAS_BUGGY_FOR_LOOPS /**/
| #define STDC_HEADERS 1
| #define HAVE_SYS_TYPES_H 1
| #define HAVE_SYS_STAT_H 1
| #define HAVE_STDLIB_H 1
| #define HAVE_STRING_H 1
| #define HAVE_MEMORY_H 1
| #define HAVE_STRINGS_H 1
| #define HAVE_INTTYPES_H 1
| #define HAVE_STDINT_H 1
| #define HAVE_UNISTD_H 1
| #define HAVE_DLFCN_H 1
| #define LT_OBJDIR ".libs/"
| #define HAVE_PYTHON_H 1
| #define OMNITHREAD_POSIX 1
| #define HAVE_CLOCK_GETTIME 1
| #define HAVE_GETTIMEOFDAY 1
| #define HAVE_NANOSLEEP 1
| #define STDC_HEADERS 1
| #define HAVE_SYS_WAIT_H 1
| #define HAVE_FCNTL_H 1
| #define HAVE_LIMITS_H 1
| #define HAVE_STRINGS_H 1
| #define HAVE_SYS_IOCTL_H 1
| #define HAVE_SYS_TIME_H 1
| #define HAVE_UNISTD_H 1
| #define HAVE_SYS_MMAN_H 1
| #define TIME_WITH_SYS_TIME 1
| #define HAVE_SYS_TYPES_H 1
| #define HAVE_FCNTL_H 1
| /* end confdefs.h.  */
| #include <stdio.h>
| #ifdef HAVE_SYS_TYPES_H
| # include <sys/types.h>
| #endif
| #ifdef HAVE_SYS_STAT_H
| # include <sys/stat.h>
| #endif
| #ifdef STDC_HEADERS
| # include <stdlib.h>
| # include <stddef.h>
| #else
| # ifdef HAVE_STDLIB_H
| #  include <stdlib.h>
| # endif
| #endif
| #ifdef HAVE_STRING_H
| # if !defined STDC_HEADERS && defined HAVE_MEMORY_H
| #  include <memory.h>
| # endif
| # include <string.h>
| #endif
| #ifdef HAVE_STRINGS_H
| # include <strings.h>
| #endif
| #ifdef HAVE_INTTYPES_H
| # include <inttypes.h>
| #endif
| #ifdef HAVE_STDINT_H
| # include <stdint.h>
| #endif
| #ifdef HAVE_UNISTD_H
| # include <unistd.h>
| #endif
| #include <windows.h>
configure_mod:17267: result: no
configure_mod:17267: checking windows.h presence
configure_mod:17267: gcc -E  conftest.c
conftest.c:41:21: fatal error: windows.h: No such file or directory
compilation terminated.
configure_mod:17267: $? = 1
configure_mod: failed program was:
| /* confdefs.h */
| #define PACKAGE_NAME ""
| #define PACKAGE_TARNAME ""
| #define PACKAGE_VERSION ""
| #define PACKAGE_STRING ""
| #define PACKAGE_BUGREPORT ""
| #define PACKAGE_URL ""
| #define PACKAGE "gr-ucla"
| #define VERSION "0.0svn"
| #define CXX_HAS_BUGGY_FOR_LOOPS /**/
| #define STDC_HEADERS 1
| #define HAVE_SYS_TYPES_H 1
| #define HAVE_SYS_STAT_H 1
| #define HAVE_STDLIB_H 1
| #define HAVE_STRING_H 1
| #define HAVE_MEMORY_H 1
| #define HAVE_STRINGS_H 1
| #define HAVE_INTTYPES_H 1
| #define HAVE_STDINT_H 1
| #define HAVE_UNISTD_H 1
| #define HAVE_DLFCN_H 1
| #define LT_OBJDIR ".libs/"
| #define HAVE_PYTHON_H 1
| #define OMNITHREAD_POSIX 1
| #define HAVE_CLOCK_GETTIME 1
| #define HAVE_GETTIMEOFDAY 1
| #define HAVE_NANOSLEEP 1
| #define STDC_HEADERS 1
| #define HAVE_SYS_WAIT_H 1
| #define HAVE_FCNTL_H 1
| #define HAVE_LIMITS_H 1
| #define HAVE_STRINGS_H 1
| #define HAVE_SYS_IOCTL_H 1
| #define HAVE_SYS_TIME_H 1
| #define HAVE_UNISTD_H 1
| #define HAVE_SYS_MMAN_H 1
| #define TIME_WITH_SYS_TIME 1
| #define HAVE_SYS_TYPES_H 1
| #define HAVE_FCNTL_H 1
| /* end confdefs.h.  */
| #include <windows.h>
configure_mod:17267: result: no
configure_mod:17267: checking for windows.h
configure_mod:17267: result: no
configure_mod:17280: checking for winioctl.h
configure_mod:17280: gcc -c -g -O2 -pthread  conftest.c >&5
conftest.c:47:22: fatal error: winioctl.h: No such file or directory
compilation terminated.
configure_mod:17280: $? = 1
configure_mod: failed program was:
| /* confdefs.h */
| #define PACKAGE_NAME ""
| #define PACKAGE_TARNAME ""
| #define PACKAGE_VERSION ""
| #define PACKAGE_STRING ""
| #define PACKAGE_BUGREPORT ""
| #define PACKAGE_URL ""
| #define PACKAGE "gr-ucla"
| #define VERSION "0.0svn"
| #define CXX_HAS_BUGGY_FOR_LOOPS /**/
| #define STDC_HEADERS 1
| #define HAVE_SYS_TYPES_H 1
| #define HAVE_SYS_STAT_H 1
| #define HAVE_STDLIB_H 1
| #define HAVE_STRING_H 1
| #define HAVE_MEMORY_H 1
| #define HAVE_STRINGS_H 1
| #define HAVE_INTTYPES_H 1
| #define HAVE_STDINT_H 1
| #define HAVE_UNISTD_H 1
| #define HAVE_DLFCN_H 1
| #define LT_OBJDIR ".libs/"
| #define HAVE_PYTHON_H 1
| #define OMNITHREAD_POSIX 1
| #define HAVE_CLOCK_GETTIME 1
| #define HAVE_GETTIMEOFDAY 1
| #define HAVE_NANOSLEEP 1
| #define STDC_HEADERS 1
| #define HAVE_SYS_WAIT_H 1
| #define HAVE_FCNTL_H 1
| #define HAVE_LIMITS_H 1
| #define HAVE_STRINGS_H 1
| #define HAVE_SYS_IOCTL_H 1
| #define HAVE_SYS_TIME_H 1
| #define HAVE_UNISTD_H 1
| #define HAVE_SYS_MMAN_H 1
| #define TIME_WITH_SYS_TIME 1
| #define HAVE_SYS_TYPES_H 1
| #define HAVE_FCNTL_H 1
| /* end confdefs.h.  */
| 
| 	#if HAVE_WINDOWS_H
| 	#include <windows.h>
| 	#endif
| 
| 
| #include <winioctl.h>
configure_mod:17280: result: no
configure_mod:17280: checking for winbase.h
configure_mod:17280: gcc -c -g -O2 -pthread  conftest.c >&5
conftest.c:47:21: fatal error: winbase.h: No such file or directory
compilation terminated.
configure_mod:17280: $? = 1
configure_mod: failed program was:
| /* confdefs.h */
| #define PACKAGE_NAME ""
| #define PACKAGE_TARNAME ""
| #define PACKAGE_VERSION ""
| #define PACKAGE_STRING ""
| #define PACKAGE_BUGREPORT ""
| #define PACKAGE_URL ""
| #define PACKAGE "gr-ucla"
| #define VERSION "0.0svn"
| #define CXX_HAS_BUGGY_FOR_LOOPS /**/
| #define STDC_HEADERS 1
| #define HAVE_SYS_TYPES_H 1
| #define HAVE_SYS_STAT_H 1
| #define HAVE_STDLIB_H 1
| #define HAVE_STRING_H 1
| #define HAVE_MEMORY_H 1
| #define HAVE_STRINGS_H 1
| #define HAVE_INTTYPES_H 1
| #define HAVE_STDINT_H 1
| #define HAVE_UNISTD_H 1
| #define HAVE_DLFCN_H 1
| #define LT_OBJDIR ".libs/"
| #define HAVE_PYTHON_H 1
| #define OMNITHREAD_POSIX 1
| #define HAVE_CLOCK_GETTIME 1
| #define HAVE_GETTIMEOFDAY 1
| #define HAVE_NANOSLEEP 1
| #define STDC_HEADERS 1
| #define HAVE_SYS_WAIT_H 1
| #define HAVE_FCNTL_H 1
| #define HAVE_LIMITS_H 1
| #define HAVE_STRINGS_H 1
| #define HAVE_SYS_IOCTL_H 1
| #define HAVE_SYS_TIME_H 1
| #define HAVE_UNISTD_H 1
| #define HAVE_SYS_MMAN_H 1
| #define TIME_WITH_SYS_TIME 1
| #define HAVE_SYS_TYPES_H 1
| #define HAVE_FCNTL_H 1
| /* end confdefs.h.  */
| 
| 	#if HAVE_WINDOWS_H
| 	#include <windows.h>
| 	#endif
| 
| 
| #include <winbase.h>
configure_mod:17280: result: no
configure_mod:17299: checking for getopt
configure_mod:17299: gcc -o conftest -g -O2 -pthread   conftest.c  >&5
configure_mod:17299: $? = 0
configure_mod:17299: result: yes
configure_mod:17299: checking for usleep
configure_mod:17299: gcc -o conftest -g -O2 -pthread   conftest.c  >&5
configure_mod:17299: $? = 0
configure_mod:17299: result: yes
configure_mod:17299: checking for gettimeofday
configure_mod:17299: result: yes
configure_mod:17299: checking for nanosleep
configure_mod:17299: result: yes
configure_mod:17299: checking for rand
configure_mod:17299: gcc -o conftest -g -O2 -pthread   conftest.c  >&5
configure_mod:17299: $? = 0
configure_mod:17299: result: yes
configure_mod:17299: checking for srand
configure_mod:17299: gcc -o conftest -g -O2 -pthread   conftest.c  >&5
configure_mod:17299: $? = 0
configure_mod:17299: result: yes
configure_mod:17299: checking for random
configure_mod:17299: gcc -o conftest -g -O2 -pthread   conftest.c  >&5
configure_mod:17299: $? = 0
configure_mod:17299: result: yes
configure_mod:17299: checking for srandom
configure_mod:17299: gcc -o conftest -g -O2 -pthread   conftest.c  >&5
configure_mod:17299: $? = 0
configure_mod:17299: result: yes
configure_mod:17299: checking for sleep
configure_mod:17299: gcc -o conftest -g -O2 -pthread   conftest.c  >&5
configure_mod:17299: $? = 0
configure_mod:17299: result: yes
configure_mod:17299: checking for sigaction
configure_mod:17299: gcc -o conftest -g -O2 -pthread   conftest.c  >&5
configure_mod:17299: $? = 0
configure_mod:17299: result: yes
configure_mod:17308: checking for struct timezone
configure_mod:17308: gcc -c -g -O2 -pthread  conftest.c >&5
configure_mod:17308: $? = 0
configure_mod:17308: gcc -c -g -O2 -pthread  conftest.c >&5
conftest.c: In function 'main':
conftest.c:70:30: error: expected expression before ')' token
configure_mod:17308: $? = 1
configure_mod: failed program was:
| /* confdefs.h */
| #define PACKAGE_NAME ""
| #define PACKAGE_TARNAME ""
| #define PACKAGE_VERSION ""
| #define PACKAGE_STRING ""
| #define PACKAGE_BUGREPORT ""
| #define PACKAGE_URL ""
| #define PACKAGE "gr-ucla"
| #define VERSION "0.0svn"
| #define CXX_HAS_BUGGY_FOR_LOOPS /**/
| #define STDC_HEADERS 1
| #define HAVE_SYS_TYPES_H 1
| #define HAVE_SYS_STAT_H 1
| #define HAVE_STDLIB_H 1
| #define HAVE_STRING_H 1
| #define HAVE_MEMORY_H 1
| #define HAVE_STRINGS_H 1
| #define HAVE_INTTYPES_H 1
| #define HAVE_STDINT_H 1
| #define HAVE_UNISTD_H 1
| #define HAVE_DLFCN_H 1
| #define LT_OBJDIR ".libs/"
| #define HAVE_PYTHON_H 1
| #define OMNITHREAD_POSIX 1
| #define HAVE_CLOCK_GETTIME 1
| #define HAVE_GETTIMEOFDAY 1
| #define HAVE_NANOSLEEP 1
| #define STDC_HEADERS 1
| #define HAVE_SYS_WAIT_H 1
| #define HAVE_FCNTL_H 1
| #define HAVE_LIMITS_H 1
| #define HAVE_STRINGS_H 1
| #define HAVE_SYS_IOCTL_H 1
| #define HAVE_SYS_TIME_H 1
| #define HAVE_UNISTD_H 1
| #define HAVE_SYS_MMAN_H 1
| #define TIME_WITH_SYS_TIME 1
| #define HAVE_SYS_TYPES_H 1
| #define HAVE_FCNTL_H 1
| #define HAVE_GETOPT 1
| #define HAVE_USLEEP 1
| #define HAVE_GETTIMEOFDAY 1
| #define HAVE_NANOSLEEP 1
| #define HAVE_RAND 1
| #define HAVE_SRAND 1
| #define HAVE_RANDOM 1
| #define HAVE_SRANDOM 1
| #define HAVE_SLEEP 1
| #define HAVE_SIGACTION 1
| /* end confdefs.h.  */
| 
|      #if HAVE_SYS_TYPES_H
|      # include <sys/types.h>
|      #endif
|      #if TIME_WITH_SYS_TIME
|      # include <sys/time.h>
|      # include <time.h>
|      #else
|      # if HAVE_SYS_TIME_H
|      #  include <sys/time.h>
|      # else
|      #  include <time.h>
|      # endif
|      #endif
| 
| 
| int
| main ()
| {
| if (sizeof ((struct timezone)))
| 	    return 0;
|   ;
|   return 0;
| }
configure_mod:17308: result: yes
configure_mod:17332: checking for struct timespec
configure_mod:17332: gcc -c -g -O2 -pthread  conftest.c >&5
configure_mod:17332: $? = 0
configure_mod:17332: gcc -c -g -O2 -pthread  conftest.c >&5
conftest.c: In function 'main':
conftest.c:71:30: error: expected expression before ')' token
configure_mod:17332: $? = 1
configure_mod: failed program was:
| /* confdefs.h */
| #define PACKAGE_NAME ""
| #define PACKAGE_TARNAME ""
| #define PACKAGE_VERSION ""
| #define PACKAGE_STRING ""
| #define PACKAGE_BUGREPORT ""
| #define PACKAGE_URL ""
| #define PACKAGE "gr-ucla"
| #define VERSION "0.0svn"
| #define CXX_HAS_BUGGY_FOR_LOOPS /**/
| #define STDC_HEADERS 1
| #define HAVE_SYS_TYPES_H 1
| #define HAVE_SYS_STAT_H 1
| #define HAVE_STDLIB_H 1
| #define HAVE_STRING_H 1
| #define HAVE_MEMORY_H 1
| #define HAVE_STRINGS_H 1
| #define HAVE_INTTYPES_H 1
| #define HAVE_STDINT_H 1
| #define HAVE_UNISTD_H 1
| #define HAVE_DLFCN_H 1
| #define LT_OBJDIR ".libs/"
| #define HAVE_PYTHON_H 1
| #define OMNITHREAD_POSIX 1
| #define HAVE_CLOCK_GETTIME 1
| #define HAVE_GETTIMEOFDAY 1
| #define HAVE_NANOSLEEP 1
| #define STDC_HEADERS 1
| #define HAVE_SYS_WAIT_H 1
| #define HAVE_FCNTL_H 1
| #define HAVE_LIMITS_H 1
| #define HAVE_STRINGS_H 1
| #define HAVE_SYS_IOCTL_H 1
| #define HAVE_SYS_TIME_H 1
| #define HAVE_UNISTD_H 1
| #define HAVE_SYS_MMAN_H 1
| #define TIME_WITH_SYS_TIME 1
| #define HAVE_SYS_TYPES_H 1
| #define HAVE_FCNTL_H 1
| #define HAVE_GETOPT 1
| #define HAVE_USLEEP 1
| #define HAVE_GETTIMEOFDAY 1
| #define HAVE_NANOSLEEP 1
| #define HAVE_RAND 1
| #define HAVE_SRAND 1
| #define HAVE_RANDOM 1
| #define HAVE_SRANDOM 1
| #define HAVE_SLEEP 1
| #define HAVE_SIGACTION 1
| #define HAVE_STRUCT_TIMEZONE 1
| /* end confdefs.h.  */
| 
|      #if HAVE_SYS_TYPES_H
|      # include <sys/types.h>
|      #endif
|      #if TIME_WITH_SYS_TIME
|      # include <sys/time.h>
|      # include <time.h>
|      #else
|      # if HAVE_SYS_TIME_H
|      #  include <sys/time.h>
|      # else
|      #  include <time.h>
|      # endif
|      #endif
| 
| 
| int
| main ()
| {
| if (sizeof ((struct timespec)))
| 	    return 0;
|   ;
|   return 0;
| }
configure_mod:17332: result: yes
configure_mod:17356: checking for ssize_t
configure_mod:17356: gcc -c -g -O2 -pthread  conftest.c >&5
configure_mod:17356: $? = 0
configure_mod:17356: gcc -c -g -O2 -pthread  conftest.c >&5
conftest.c: In function 'main':
conftest.c:72:22: error: expected expression before ')' token
configure_mod:17356: $? = 1
configure_mod: failed program was:
| /* confdefs.h */
| #define PACKAGE_NAME ""
| #define PACKAGE_TARNAME ""
| #define PACKAGE_VERSION ""
| #define PACKAGE_STRING ""
| #define PACKAGE_BUGREPORT ""
| #define PACKAGE_URL ""
| #define PACKAGE "gr-ucla"
| #define VERSION "0.0svn"
| #define CXX_HAS_BUGGY_FOR_LOOPS /**/
| #define STDC_HEADERS 1
| #define HAVE_SYS_TYPES_H 1
| #define HAVE_SYS_STAT_H 1
| #define HAVE_STDLIB_H 1
| #define HAVE_STRING_H 1
| #define HAVE_MEMORY_H 1
| #define HAVE_STRINGS_H 1
| #define HAVE_INTTYPES_H 1
| #define HAVE_STDINT_H 1
| #define HAVE_UNISTD_H 1
| #define HAVE_DLFCN_H 1
| #define LT_OBJDIR ".libs/"
| #define HAVE_PYTHON_H 1
| #define OMNITHREAD_POSIX 1
| #define HAVE_CLOCK_GETTIME 1
| #define HAVE_GETTIMEOFDAY 1
| #define HAVE_NANOSLEEP 1
| #define STDC_HEADERS 1
| #define HAVE_SYS_WAIT_H 1
| #define HAVE_FCNTL_H 1
| #define HAVE_LIMITS_H 1
| #define HAVE_STRINGS_H 1
| #define HAVE_SYS_IOCTL_H 1
| #define HAVE_SYS_TIME_H 1
| #define HAVE_UNISTD_H 1
| #define HAVE_SYS_MMAN_H 1
| #define TIME_WITH_SYS_TIME 1
| #define HAVE_SYS_TYPES_H 1
| #define HAVE_FCNTL_H 1
| #define HAVE_GETOPT 1
| #define HAVE_USLEEP 1
| #define HAVE_GETTIMEOFDAY 1
| #define HAVE_NANOSLEEP 1
| #define HAVE_RAND 1
| #define HAVE_SRAND 1
| #define HAVE_RANDOM 1
| #define HAVE_SRANDOM 1
| #define HAVE_SLEEP 1
| #define HAVE_SIGACTION 1
| #define HAVE_STRUCT_TIMEZONE 1
| #define HAVE_STRUCT_TIMESPEC 1
| /* end confdefs.h.  */
| 
|      #if HAVE_SYS_TYPES_H
|      # include <sys/types.h>
|      #endif
|      #if TIME_WITH_SYS_TIME
|      # include <sys/time.h>
|      # include <time.h>
|      #else
|      # if HAVE_SYS_TIME_H
|      #  include <sys/time.h>
|      # else
|      #  include <time.h>
|      # endif
|      #endif
| 
| 
| int
| main ()
| {
| if (sizeof ((ssize_t)))
| 	    return 0;
|   ;
|   return 0;
| }
configure_mod:17356: result: yes
configure_mod:17382: checking for getopt
configure_mod:17382: result: yes
configure_mod:17395: checking for usleep
configure_mod:17395: result: yes
configure_mod:17408: checking for gettimeofday
configure_mod:17408: result: yes
configure_mod:17424: checking for Sleep
configure_mod:17439: gcc -o conftest -g -O2 -pthread   conftest.c  >&5
conftest.c:57:24: fatal error: windows.h: No such file or directory
compilation terminated.
configure_mod:17439: $? = 1
configure_mod: failed program was:
| /* confdefs.h */
| #define PACKAGE_NAME ""
| #define PACKAGE_TARNAME ""
| #define PACKAGE_VERSION ""
| #define PACKAGE_STRING ""
| #define PACKAGE_BUGREPORT ""
| #define PACKAGE_URL ""
| #define PACKAGE "gr-ucla"
| #define VERSION "0.0svn"
| #define CXX_HAS_BUGGY_FOR_LOOPS /**/
| #define STDC_HEADERS 1
| #define HAVE_SYS_TYPES_H 1
| #define HAVE_SYS_STAT_H 1
| #define HAVE_STDLIB_H 1
| #define HAVE_STRING_H 1
| #define HAVE_MEMORY_H 1
| #define HAVE_STRINGS_H 1
| #define HAVE_INTTYPES_H 1
| #define HAVE_STDINT_H 1
| #define HAVE_UNISTD_H 1
| #define HAVE_DLFCN_H 1
| #define LT_OBJDIR ".libs/"
| #define HAVE_PYTHON_H 1
| #define OMNITHREAD_POSIX 1
| #define HAVE_CLOCK_GETTIME 1
| #define HAVE_GETTIMEOFDAY 1
| #define HAVE_NANOSLEEP 1
| #define STDC_HEADERS 1
| #define HAVE_SYS_WAIT_H 1
| #define HAVE_FCNTL_H 1
| #define HAVE_LIMITS_H 1
| #define HAVE_STRINGS_H 1
| #define HAVE_SYS_IOCTL_H 1
| #define HAVE_SYS_TIME_H 1
| #define HAVE_UNISTD_H 1
| #define HAVE_SYS_MMAN_H 1
| #define TIME_WITH_SYS_TIME 1
| #define HAVE_SYS_TYPES_H 1
| #define HAVE_FCNTL_H 1
| #define HAVE_GETOPT 1
| #define HAVE_USLEEP 1
| #define HAVE_GETTIMEOFDAY 1
| #define HAVE_NANOSLEEP 1
| #define HAVE_RAND 1
| #define HAVE_SRAND 1
| #define HAVE_RANDOM 1
| #define HAVE_SRANDOM 1
| #define HAVE_SLEEP 1
| #define HAVE_SIGACTION 1
| #define HAVE_STRUCT_TIMEZONE 1
| #define HAVE_STRUCT_TIMESPEC 1
| #define HAVE_SSIZE_T 1
| #define HAVE_GETOPT 1
| #define HAVE_USLEEP 1
| #define HAVE_GETTIMEOFDAY 1
| /* end confdefs.h.  */
|    #include <windows.h>
|                 #include <winbase.h>
| 
| int
| main ()
| {
|  Sleep(0);
|   ;
|   return 0;
| }
configure_mod:17446: result: no
configure_mod:17453: checking whether mkdir accepts only one arg
configure_mod:17470: gcc -c -g -O2 -pthread  conftest.c >&5
conftest.c: In function 'main':
conftest.c:64:8: error: too few arguments to function 'mkdir'
/usr/include/x86_64-linux-gnu/sys/stat.h:323:12: note: declared here
configure_mod:17470: $? = 1
configure_mod: failed program was:
| /* confdefs.h */
| #define PACKAGE_NAME ""
| #define PACKAGE_TARNAME ""
| #define PACKAGE_VERSION ""
| #define PACKAGE_STRING ""
| #define PACKAGE_BUGREPORT ""
| #define PACKAGE_URL ""
| #define PACKAGE "gr-ucla"
| #define VERSION "0.0svn"
| #define CXX_HAS_BUGGY_FOR_LOOPS /**/
| #define STDC_HEADERS 1
| #define HAVE_SYS_TYPES_H 1
| #define HAVE_SYS_STAT_H 1
| #define HAVE_STDLIB_H 1
| #define HAVE_STRING_H 1
| #define HAVE_MEMORY_H 1
| #define HAVE_STRINGS_H 1
| #define HAVE_INTTYPES_H 1
| #define HAVE_STDINT_H 1
| #define HAVE_UNISTD_H 1
| #define HAVE_DLFCN_H 1
| #define LT_OBJDIR ".libs/"
| #define HAVE_PYTHON_H 1
| #define OMNITHREAD_POSIX 1
| #define HAVE_CLOCK_GETTIME 1
| #define HAVE_GETTIMEOFDAY 1
| #define HAVE_NANOSLEEP 1
| #define STDC_HEADERS 1
| #define HAVE_SYS_WAIT_H 1
| #define HAVE_FCNTL_H 1
| #define HAVE_LIMITS_H 1
| #define HAVE_STRINGS_H 1
| #define HAVE_SYS_IOCTL_H 1
| #define HAVE_SYS_TIME_H 1
| #define HAVE_UNISTD_H 1
| #define HAVE_SYS_MMAN_H 1
| #define TIME_WITH_SYS_TIME 1
| #define HAVE_SYS_TYPES_H 1
| #define HAVE_FCNTL_H 1
| #define HAVE_GETOPT 1
| #define HAVE_USLEEP 1
| #define HAVE_GETTIMEOFDAY 1
| #define HAVE_NANOSLEEP 1
| #define HAVE_RAND 1
| #define HAVE_SRAND 1
| #define HAVE_RANDOM 1
| #define HAVE_SRANDOM 1
| #define HAVE_SLEEP 1
| #define HAVE_SIGACTION 1
| #define HAVE_STRUCT_TIMEZONE 1
| #define HAVE_STRUCT_TIMESPEC 1
| #define HAVE_SSIZE_T 1
| #define HAVE_GETOPT 1
| #define HAVE_USLEEP 1
| #define HAVE_GETTIMEOFDAY 1
| /* end confdefs.h.  */
| #include <sys/types.h>
|        #include <sys/stat.h>
|        #include <fcntl.h>
| int
| main ()
| {
| 
|        mkdir("")
| 
|   ;
|   return 0;
| }
configure_mod:17477: result: no
configure_mod:17494: checking for pkg-config
configure_mod:17512: found /usr/bin/pkg-config
configure_mod:17525: result: /usr/bin/pkg-config
configure_mod:17547: checking for gnuradio-core
configure_mod:17551: result: yes
configure_mod:17555: checking GNURADIO_CORE_CFLAGS
configure_mod:17558: result: -I/usr/local/include/grcompat  
configure_mod:17561: checking GNURADIO_CORE_LIBS
configure_mod:17564: result: -L/usr/local/lib -lgnuradio-runtime -lgruel  
configure_mod:17567: checking GNURADIO_CORE_INCLUDEDIR
configure_mod:17570: result: /usr/local/include/grcompat
configure_mod:17643: checking boost/shared_ptr.hpp usability
configure_mod:17643: g++ -c -g -O2 -Wall -Woverloaded-virtual -pthread  conftest.cpp >&5
configure_mod:17643: $? = 0
configure_mod:17643: result: yes
configure_mod:17643: checking boost/shared_ptr.hpp presence
configure_mod:17643: g++ -E  conftest.cpp
configure_mod:17643: $? = 0
configure_mod:17643: result: yes
configure_mod:17643: checking for boost/shared_ptr.hpp
configure_mod:17643: result: yes
configure_mod:17850: creating ./config.status

## ---------------------- ##
## Running config.status. ##
## ---------------------- ##

This file was extended by config.status, which was
generated by GNU Autoconf 2.68.  Invocation command line was

  CONFIG_FILES    = 
  CONFIG_HEADERS  = 
  CONFIG_LINKS    = 
  CONFIG_COMMANDS = 
  $ ./config.status 

on zitouni-OptiPlex-990

config.status:1230: creating Makefile
config.status:1230: creating config/Makefile
config.status:1230: creating doc/Makefile
config.status:1230: creating src/Makefile
config.status:1230: creating src/lib/Makefile
config.status:1230: creating src/python/Makefile
config.status:1230: creating src/python/run_tests
config.status:1230: creating config.h
config.status:1411: config.h is unchanged
config.status:1459: executing depfiles commands
config.status:1459: executing libtool commands
config.status:1459: executing run_tests commands

## ---------------- ##
## Cache variables. ##
## ---------------- ##

ac_cv_build=x86_64-unknown-linux-gnu
ac_cv_c_compiler_gnu=yes
ac_cv_c_const=yes
ac_cv_c_inline=inline
ac_cv_cxx_compiler_gnu=yes
ac_cv_env_CCC_set=
ac_cv_env_CCC_value=
ac_cv_env_CC_set=
ac_cv_env_CC_value=
ac_cv_env_CFLAGS_set=
ac_cv_env_CFLAGS_value=
ac_cv_env_CPPFLAGS_set=
ac_cv_env_CPPFLAGS_value=
ac_cv_env_CPP_set=
ac_cv_env_CPP_value=
ac_cv_env_CXXCPP_set=
ac_cv_env_CXXCPP_value=
ac_cv_env_CXXFLAGS_set=
ac_cv_env_CXXFLAGS_value=
ac_cv_env_CXX_set=
ac_cv_env_CXX_value=
ac_cv_env_LDFLAGS_set=
ac_cv_env_LDFLAGS_value=
ac_cv_env_LIBS_set=
ac_cv_env_LIBS_value=
ac_cv_env_PYTHON_set=
ac_cv_env_PYTHON_value=
ac_cv_env_build_alias_set=
ac_cv_env_build_alias_value=
ac_cv_env_host_alias_set=
ac_cv_env_host_alias_value=
ac_cv_env_target_alias_set=
ac_cv_env_target_alias_value=
ac_cv_func_cc_r=no
ac_cv_func_clock_gettime=yes
ac_cv_func_dummy=no
ac_cv_func_getopt=yes
ac_cv_func_gettimeofday=yes
ac_cv_func_nanosleep=yes
ac_cv_func_rand=yes
ac_cv_func_random=yes
ac_cv_func_sigaction=yes
ac_cv_func_sleep=yes
ac_cv_func_srand=yes
ac_cv_func_srandom=yes
ac_cv_func_usleep=yes
ac_cv_header_Python_h=yes
ac_cv_header_boost_shared_ptr_hpp=yes
ac_cv_header_dlfcn_h=yes
ac_cv_header_fcntl_h=yes
ac_cv_header_inttypes_h=yes
ac_cv_header_io_h=no
ac_cv_header_limits_h=yes
ac_cv_header_memory_h=yes
ac_cv_header_stdc=yes
ac_cv_header_stdint_h=yes
ac_cv_header_stdlib_h=yes
ac_cv_header_string_h=yes
ac_cv_header_strings_h=yes
ac_cv_header_sys_ioctl_h=yes
ac_cv_header_sys_mman_h=yes
ac_cv_header_sys_stat_h=yes
ac_cv_header_sys_time_h=yes
ac_cv_header_sys_types_h=yes
ac_cv_header_sys_wait_h=yes
ac_cv_header_time=yes
ac_cv_header_unistd_h=yes
ac_cv_header_winbase_h=no
ac_cv_header_windows_h=no
ac_cv_header_winioctl_h=no
ac_cv_host=x86_64-unknown-linux-gnu
ac_cv_objext=o
ac_cv_path_EGREP='/bin/grep -E'
ac_cv_path_FGREP='/bin/grep -F'
ac_cv_path_GREP=/bin/grep
ac_cv_path_PKG_CONFIG=/usr/bin/pkg-config
ac_cv_path_PYTHON=/usr/bin/python
ac_cv_path_SED=/bin/sed
ac_cv_path_install='/usr/bin/install -c'
ac_cv_path_mkdir=/bin/mkdir
ac_cv_prog_AWK=gawk
ac_cv_prog_CPP='gcc -E'
ac_cv_prog_CXXCPP='g++ -E'
ac_cv_prog_PTHREAD_CC=gcc
ac_cv_prog_SWIG=/usr/bin/swig
ac_cv_prog_ac_ct_AR=ar
ac_cv_prog_ac_ct_CC=gcc
ac_cv_prog_ac_ct_CXX=g++
ac_cv_prog_ac_ct_DLLTOOL=dlltool
ac_cv_prog_ac_ct_MANIFEST_TOOL=mt
ac_cv_prog_ac_ct_OBJDUMP=objdump
ac_cv_prog_ac_ct_RANLIB=ranlib
ac_cv_prog_ac_ct_STRIP=strip
ac_cv_prog_cc_c89=
ac_cv_prog_cc_g=yes
ac_cv_prog_cxx_g=yes
ac_cv_prog_make_make_set=yes
ac_cv_search_clock_gettime=-lrt
ac_cv_target=x86_64-unknown-linux-gnu
ac_cv_type_size_t=yes
ac_cv_type_ssize_t=yes
ac_cv_type_struct_timespec=yes
ac_cv_type_struct_timezone=yes
am_cv_CC_dependencies_compiler_type=gcc3
am_cv_CXX_dependencies_compiler_type=gcc3
am_cv_python_platform=linux2
am_cv_python_pyexecdir='${exec_prefix}/lib/python2.7/dist-packages'
am_cv_python_pythondir='${prefix}/lib/python2.7/dist-packages'
am_cv_python_version=2.7
lt_cv_ar_at_file=@
lt_cv_archive_cmds_need_lc=no
lt_cv_deplibs_check_method=pass_all
lt_cv_file_magic_cmd='$MAGIC_CMD'
lt_cv_file_magic_test_file=
lt_cv_ld_reload_flag=-r
lt_cv_nm_interface='BSD nm'
lt_cv_objdir=.libs
lt_cv_path_LD=/usr/bin/ld
lt_cv_path_LDCXX='/usr/bin/ld -m elf_x86_64'
lt_cv_path_NM='/usr/bin/nm -B'
lt_cv_path_mainfest_tool=no
lt_cv_prog_compiler_c_o=yes
lt_cv_prog_compiler_c_o_CXX=yes
lt_cv_prog_compiler_pic='-fPIC -DPIC'
lt_cv_prog_compiler_pic_CXX='-fPIC -DPIC'
lt_cv_prog_compiler_pic_works=yes
lt_cv_prog_compiler_pic_works_CXX=yes
lt_cv_prog_compiler_rtti_exceptions=no
lt_cv_prog_compiler_static_works=yes
lt_cv_prog_compiler_static_works_CXX=yes
lt_cv_prog_gnu_ld=yes
lt_cv_prog_gnu_ldcxx=yes
lt_cv_sharedlib_from_linklib_cmd='printf %s\n'
lt_cv_shlibpath_overrides_runpath=no
lt_cv_sys_global_symbol_pipe='sed -n -e '\''s/^.*[	 ]\([ABCDGIRSTW][ABCDGIRSTW]*\)[	 ][	 ]*\([_A-Za-z][_A-Za-z0-9]*\)$/\1 \2 \2/p'\'' | sed '\''/ __gnu_lto/d'\'''
lt_cv_sys_global_symbol_to_c_name_address='sed -n -e '\''s/^: \([^ ]*\)[ ]*$/  {\"\1\", (void *) 0},/p'\'' -e '\''s/^[ABCDGIRSTW]* \([^ ]*\) \([^ ]*\)$/  {"\2", (void *) \&\2},/p'\'''
lt_cv_sys_global_symbol_to_c_name_address_lib_prefix='sed -n -e '\''s/^: \([^ ]*\)[ ]*$/  {\"\1\", (void *) 0},/p'\'' -e '\''s/^[ABCDGIRSTW]* \([^ ]*\) \(lib[^ ]*\)$/  {"\2", (void *) \&\2},/p'\'' -e '\''s/^[ABCDGIRSTW]* \([^ ]*\) \([^ ]*\)$/  {"lib\2", (void *) \&\2},/p'\'''
lt_cv_sys_global_symbol_to_cdecl='sed -n -e '\''s/^T .* \(.*\)$/extern int \1();/p'\'' -e '\''s/^[ABCDGIRSTW]* .* \(.*\)$/extern char \1;/p'\'''
lt_cv_sys_max_cmd_len=1572864
lt_cv_to_host_file_cmd=func_convert_file_noop
lt_cv_to_tool_file_cmd=func_convert_file_noop

## ----------------- ##
## Output variables. ##
## ----------------- ##

ACLOCAL='${SHELL} /home/zitouni/Desktop/Gnuradio-2_6-Programs/git/ece_zigbee_phy/missing --run aclocal-1.11'
AMDEPBACKSLASH='\'
AMDEP_FALSE='#'
AMDEP_TRUE=''
AMTAR='$${TAR-tar}'
AR='ar'
AS='as'
AUTOCONF='${SHELL} /home/zitouni/Desktop/Gnuradio-2_6-Programs/git/ece_zigbee_phy/missing --run autoconf'
AUTOHEADER='${SHELL} /home/zitouni/Desktop/Gnuradio-2_6-Programs/git/ece_zigbee_phy/missing --run autoheader'
AUTOMAKE='${SHELL} /home/zitouni/Desktop/Gnuradio-2_6-Programs/git/ece_zigbee_phy/missing --run automake-1.11'
AWK='gawk'
BOOST_CFLAGS=''
CC='gcc'
CCAS='$(CC)'
CCASFLAGS='$(CFLAGS)'
CCDEPMODE='depmode=gcc3'
CFLAGS='-g -O2 -pthread'
CPP='gcc -E'
CPPFLAGS=''
CXX='g++'
CXXCPP='g++ -E'
CXXDEPMODE='depmode=gcc3'
CXXFLAGS='-g -O2 -Wall -Woverloaded-virtual -pthread'
CXX_FOR_BUILD='g++'
CYGPATH_W='echo'
DEFS='-DHAVE_CONFIG_H'
DEPDIR='.deps'
DLLTOOL='dlltool'
DSYMUTIL=''
DUMPBIN=''
ECHO_C=''
ECHO_N='-n'
ECHO_T=''
EGREP='/bin/grep -E'
EXEEXT=''
FGREP='/bin/grep -F'
GNURADIO_CORE_CFLAGS='-I/usr/local/include/grcompat  '
GNURADIO_CORE_INCLUDEDIR='/usr/local/include/grcompat'
GNURADIO_CORE_LIBS='-L/usr/local/lib -lgnuradio-runtime -lgruel  '
GREP='/bin/grep'
INSTALL_DATA='${INSTALL} -m 644'
INSTALL_PROGRAM='${INSTALL}'
INSTALL_SCRIPT='${INSTALL}'
INSTALL_STRIP_PROGRAM='$(install_sh) -c -s'
LD='/usr/bin/ld -m elf_x86_64'
LDFLAGS=''
LIBOBJS=''
LIBS=' -L/usr/local/lib -lgnuradio-runtime -lgruel  '
LIBTOOL='$(SHELL) $(top_builddir)/libtool'
LIPO=''
LN_S='ln -s'
LTLIBOBJS=''
MAKEINFO='${SHELL} /home/zitouni/Desktop/Gnuradio-2_6-Programs/git/ece_zigbee_phy/missing --run makeinfo'
MANIFEST_TOOL=':'
MKDIR_P='/bin/mkdir -p'
NM='/usr/bin/nm -B'
NMEDIT=''
NO_UNDEFINED=''
OBJDUMP='objdump'
OBJEXT='o'
OMNITHREAD_NT_FALSE=''
OMNITHREAD_NT_TRUE='#'
OMNITHREAD_POSIX_FALSE='#'
OMNITHREAD_POSIX_TRUE=''
OTOOL64=''
OTOOL=''
PACKAGE='gr-ucla'
PACKAGE_BUGREPORT=''
PACKAGE_NAME=''
PACKAGE_STRING=''
PACKAGE_TARNAME=''
PACKAGE_URL=''
PACKAGE_VERSION=''
PATH_SEPARATOR=':'
PKG_CONFIG='/usr/bin/pkg-config'
PTHREAD_CC='gcc'
PTHREAD_CFLAGS='-pthread'
PTHREAD_LIBS=' -lrt '
PYTHON='/usr/bin/python'
PYTHON_CPPFLAGS='-I/usr/include/python2.7'
PYTHON_EXEC_PREFIX='${exec_prefix}'
PYTHON_LDFLAGS=''
PYTHON_PLATFORM='linux2'
PYTHON_PREFIX='${prefix}'
PYTHON_VERSION='2.7'
RANLIB='ranlib'
SED='/bin/sed'
SET_MAKE=''
SHELL='/bin/bash'
STD_DEFINES_AND_INCLUDES='-I/usr/local/include/grcompat   '
STRIP='strip'
SWIG='/usr/bin/swig -c++'
SWIG_PYTHON_CPPFLAGS='-I/usr/include/python2.7'
SWIG_PYTHON_LIB='-lswigpy'
SWIG_PYTHON_OPT='-python'
VERSION='0.0svn'
ac_ct_AR='ar'
ac_ct_CC='gcc'
ac_ct_CXX='g++'
ac_ct_DUMPBIN=''
am__EXEEXT_FALSE=''
am__EXEEXT_TRUE='#'
am__fastdepCC_FALSE='#'
am__fastdepCC_TRUE=''
am__fastdepCXX_FALSE='#'
am__fastdepCXX_TRUE=''
am__include='include'
am__isrc=''
am__leading_dot='.'
am__nodep='_no'
am__quote=''
am__tar='$${TAR-tar} chof - "$$tardir"'
am__untar='$${TAR-tar} xf -'
bindir='${exec_prefix}/bin'
build='x86_64-unknown-linux-gnu'
build_alias=''
build_cpu='x86_64'
build_os='linux-gnu'
build_vendor='unknown'
datadir='${datarootdir}'
datarootdir='${prefix}/share'
docdir='${datarootdir}/doc/${PACKAGE}'
dvidir='${docdir}'
exec_prefix='${prefix}'
host='x86_64-unknown-linux-gnu'
host_alias=''
host_cpu='x86_64'
host_os='linux-gnu'
host_vendor='unknown'
htmldir='${docdir}'
includedir='${prefix}/include'
infodir='${datarootdir}/info'
install_sh='${SHELL} /home/zitouni/Desktop/Gnuradio-2_6-Programs/git/ece_zigbee_phy/install-sh'
libdir='${exec_prefix}/lib64'
libexecdir='${exec_prefix}/libexec'
localedir='${datarootdir}/locale'
localstatedir='${prefix}/var'
mandir='${datarootdir}/man'
mkdir_p='/bin/mkdir -p'
oldincludedir='/usr/include'
pdfdir='${docdir}'
pkgpyexecdir='${pyexecdir}/gr-ucla'
pkgpythondir='${pythondir}/gr-ucla'
prefix='/usr/local'
program_transform_name='s,x,x,'
psdir='${docdir}'
pyexecdir='${exec_prefix}/lib/python2.7/dist-packages'
pythondir='${prefix}/lib/python2.7/dist-packages'
sbindir='${exec_prefix}/sbin'
sharedstatedir='${prefix}/com'
sysconfdir='${prefix}/etc'
target='x86_64-unknown-linux-gnu'
target_alias=''
target_cpu='x86_64'
target_os='linux-gnu'
target_vendor='unknown'

## ----------- ##
## confdefs.h. ##
## ----------- ##

/* confdefs.h */
#define PACKAGE_NAME ""
#define PACKAGE_TARNAME ""
#define PACKAGE_VERSION ""
#define PACKAGE_STRING ""
#define PACKAGE_BUGREPORT ""
#define PACKAGE_URL ""
#define PACKAGE "gr-ucla"
#define VERSION "0.0svn"
#define CXX_HAS_BUGGY_FOR_LOOPS /**/
#define STDC_HEADERS 1
#define HAVE_SYS_TYPES_H 1
#define HAVE_SYS_STAT_H 1
#define HAVE_STDLIB_H 1
#define HAVE_STRING_H 1
#define HAVE_MEMORY_H 1
#define HAVE_STRINGS_H 1
#define HAVE_INTTYPES_H 1
#define HAVE_STDINT_H 1
#define HAVE_UNISTD_H 1
#define HAVE_DLFCN_H 1
#define LT_OBJDIR ".libs/"
#define HAVE_PYTHON_H 1
#define OMNITHREAD_POSIX 1
#define HAVE_CLOCK_GETTIME 1
#define HAVE_GETTIMEOFDAY 1
#define HAVE_NANOSLEEP 1
#define STDC_HEADERS 1
#define HAVE_SYS_WAIT_H 1
#define HAVE_FCNTL_H 1
#define HAVE_LIMITS_H 1
#define HAVE_STRINGS_H 1
#define HAVE_SYS_IOCTL_H 1
#define HAVE_SYS_TIME_H 1
#define HAVE_UNISTD_H 1
#define HAVE_SYS_MMAN_H 1
#define TIME_WITH_SYS_TIME 1
#define HAVE_SYS_TYPES_H 1
#define HAVE_FCNTL_H 1
#define HAVE_GETOPT 1
#define HAVE_USLEEP 1
#define HAVE_GETTIMEOFDAY 1
#define HAVE_NANOSLEEP 1
#define HAVE_RAND 1
#define HAVE_SRAND 1
#define HAVE_RANDOM 1
#define HAVE_SRANDOM 1
#define HAVE_SLEEP 1
#define HAVE_SIGACTION 1
#define HAVE_STRUCT_TIMEZONE 1
#define HAVE_STRUCT_TIMESPEC 1
#define HAVE_SSIZE_T 1
#define HAVE_GETOPT 1
#define HAVE_USLEEP 1
#define HAVE_GETTIMEOFDAY 1

configure_mod: exit 0
